<?xml version="1.0" encoding="UTF-8"?>
<!-- Generated by org.testng.reporters.JUnitReportReporter -->
<testsuite skipped="0" hostname="DESKTOP-V4IQKIM" name="com.acttime.scripts.LoginTest" tests="2" failures="0" timestamp="04 Mar 2020 08:07:25 GMT" time="38.201" errors="0">
  <testcase name="validLogin" time="22.222" classname="com.acttime.scripts.LoginTest"/>
  <testcase name="invalidLogin" time="15.979" classname="com.acttime.scripts.LoginTest"/>
</testsuite> <!-- com.acttime.scripts.LoginTest -->
