<?xml version="1.0" encoding="UTF-8"?>
<!-- Generated by org.testng.reporters.JUnitReportReporter -->
<testsuite hostname="360NDCLP153" failures="3" tests="6" name="Payout.PayoutAnkit" time="1851.351" errors="0" timestamp="2020-11-11T13:21:16 IST" skipped="1">
  <testcase classname="Payout.PayoutAnkit" name="verifyPayoutforCancellPolicy" time="537.817"/>
  <system-out>
<p>
******** Test Scenario  :  Payout => For Cancelled Policy*********
</p> <p>Policy created using Mock API.</p> <p>Status     : 200</p> <p>Response   : {"code":"PROP100","desc":"Proposal Accepted","errorMessage":null}</p> <p>Policy No is:ALI0QAP85960698</p> <p>Get Quotation amount for NB.</p> <p>
***** To get installment Premium from getNBQuotation API method Started *****
</p> <p>Amount to pay : 438.0</p> <p>
 installment Premium Returned *****
</p> <p>Payment process initiated using initiate payment.</p> <p>status code   :200</p> <p>Initiate Payment response body	: {"payment":{"id":249674,"businessId":"NBTR1111200000249674","paymentDateTime":null,"amount":938.0,"vendorPayment":{"vendorCode":"RAZORPAY","vendorOrderId":"order_FzmM4vQm0tS2xv","paymentId":null},"status":"INITIATED","paymentMode":null,"receiptDocId":null,"pasUpdatedOn":null,"card":null,"cheque":null,"demandDraft":null,"fundTransfer":null,"micrNumber":null,"ifscCode":null,"bankName":null,"userId":"SYSTEM","branchName":null,"branchCode":null,"transactionId":null,"processInstanceId":null,"accountNumber":null,"paymentMethod":"PAYMENTGATEWAY"},"payer":{"id":239242,"name":"Test User","email":"ankitk@360logica.com","mobileNumber":"6660060198","policyNumber":"ALI0QAP85960698","vendorPayer":{"vendorCode":"RAZORPAY","payerId":"cust_EpvAB2ochO5IEb"},"status":null},"bill":{"id":327699,"policyNumber":"ALI0QAP85960698","dueDate":"2020-11-21","amount":938.0,"type":"NB","status":"GENERATED","product":{"type":"Term","schemeCode":"ARMP0000111"},"businessId":"NBORALI0QAP8596069800327699","amountPayable":938.0,"serviceRequestId":null},"receiptDocUrl":null,"anyTimeSiRegistered":false}</p> <p>Status Code						: 200</p> <p>Payment initiated.</p> <p>Get Mandate Status for Policy Number.</p> <p>Manadate done.</p> <p>[{"id":96959,"status":"Open","payer":{"id":239242,"name":"Test User","email":"ankitk@360logica.com","mobileNumber":"6660060198","policyNumber":"ALI0QAP85960698","vendorPayer":{"vendorCode":"RAZORPAY","payerId":"cust_EpvAB2ochO5IEb"},"status":null},"payment":{"id":249674,"businessId":"NBTR1111200000249674","paymentDateTime":null,"amount":938.0,"vendorPayment":{"vendorCode":"RAZORPAY","vendorOrderId":"order_FzmM4vQm0tS2xv","paymentId":null},"status":"INITIATED","paymentMode":null,"receiptDocId":null,"pasUpdatedOn":null,"card":null,"cheque":null,"demandDraft":null,"fundTransfer":null,"micrNumber":null,"ifscCode":null,"bankName":null,"userId":"SYSTEM","branchName":null,"branchCode":null,"transactionId":null,"processInstanceId":null,"accountNumber":null,"paymentMethod":"PAYMENTGATEWAY"},"contractNumber":"ALI0QAP85960698","vendorMandateId":null,"startDate":"2020-11-11","endDate":null,"type":"CCSI","subtype":null,"vendorCode":"RAZORPAY","deactivatedOn":null,"deactivationRefId":null,"card":null,"additionalInfo":null,"reason":null,"anytimeSi":false,"lastAutoDebitStatus":null,"businessId":null}]</p> <p>Policy Manadte status is : [Open]</p> <p>Make payment using Card payment option</p> <p>Selected Payment Type is Card.</p> <p>Verify Payment Info for New Business (NB).</p> <p>Final Payment done.</p> <p>response of payment info	: {"paymentModeDescription":"Card","vendorOrderId":"order_FzmM4vQm0tS2xv","dueDate":"2020-11-21","businessId":"NBTR1111200000249674","policyNumber":"ALI0QAP85960698","ddDate":null,"bankName":null,"ddNumber":null,"chequeNumber":null,"createdOn":"2020-11-11","isMandateRegistered":true,"paymentType":"New Business","vendorCode":"RAZORPAY","ddType":null,"id":249674,"processInstanceId":null,"amount":938.0,"paymentReceivedDate":"2020-11-11T07:29:48.000+0000","paymentMode":"cc","branchName":null,"receiptDocId":null,"chequeDate":null,"branchCode":null,"chequeType":null,"billBusinessId":"NBORALI0QAP8596069800327699","vendorTransactionId":"pay_FzmMzM4VhHIWj4","status":"SUCCESSFUL"}</p> <p>Manadte Registration is : true</p> <p>Payment Mode, Due Date and Amount values are	: Card || 2020-11-21 || 938.0</p> <p>Get Mandate Status for Policy Number after payment done.</p> <p>Manadate done.</p> <p>[{"id":96959,"status":"Registered","payer":{"id":239242,"name":"Test User","email":"ankitk@360logica.com","mobileNumber":"6660060198","policyNumber":"ALI0QAP85960698","vendorPayer":{"vendorCode":"RAZORPAY","payerId":"cust_EpvAB2ochO5IEb"},"status":null},"payment":{"id":249674,"businessId":"NBTR1111200000249674","paymentDateTime":"2020-11-11T07:29:48.000+0000","amount":938.0,"vendorPayment":{"vendorCode":"RAZORPAY","vendorOrderId":"order_FzmM4vQm0tS2xv","paymentId":"pay_FzmMzM4VhHIWj4"},"status":"SUCCESSFUL","paymentMode":"cc","receiptDocId":null,"pasUpdatedOn":null,"card":{"name":"Aditi Patel","emi":false,"entity":"card","last4":"5558","international":true,"cardType":"credit","cardId":"card_EqBFnTIROnox5g","network":"MasterCard"},"cheque":null,"demandDraft":null,"fundTransfer":null,"micrNumber":null,"ifscCode":null,"bankName":null,"userId":"SYSTEM","branchName":null,"branchCode":null,"transactionId":null,"processInstanceId":"b25e9178-23ef-11eb-adfe-0a10d2210fba","accountNumber":null,"paymentMethod":"PAYMENTGATEWAY"},"contractNumber":"ALI0QAP85960698","vendorMandateId":"token_EsAoYEDhOwFoXr","startDate":"2020-11-11","endDate":null,"type":"CCSI","subtype":null,"vendorCode":"RAZORPAY","deactivatedOn":null,"deactivationRefId":null,"card":{"name":"Aditi Patel","emi":false,"entity":"card","last4":"5558","international":true,"cardType":"credit","cardId":"card_EqBFnTIROnox5g","network":"MasterCard"},"additionalInfo":null,"reason":null,"anytimeSi":false,"lastAutoDebitStatus":null,"businessId":null}]</p> <p>Policy Manadte status is : [Registered]</p> <p>Get All Suspences Entry.</p> <p>Suspense done.</p> <p>[{"policyNumber":"ALI0QAP85960698","amount":0.00,"suspenseType":"NB"},{"policyNumber":"ALI0QAP85960698","amount":500.00,"suspenseType":"RENEWAL"},{"policyNumber":"ALI0QAP85960698","amount":0,"suspenseType":"PAYOUT"},{"policyNumber":"ALI0QAP85960698","amount":0,"suspenseType":"REINSTATEMENT"},{"policyNumber":"ALI0QAP85960698","amount":0,"suspenseType":"AR"}]</p> <p>Suspense Status : 0.0 || 500.0 || 0.0 || 0.0 || 0</p> <p>Verify Policy is in 'INFORCE' Status for Standard decision=>ALI0QAP85960698</p> <p>GET -> Policy Number : The status code is: 200</p> <p>Policy status : INFORCE</p> <p>Generate Token</p> <p>Cancel Policy</p> <p>Response Body of SURRENDER Quote=>{"policyNumber":"ALI0QAP85960698","type":"SURRENDER","status":"ACTIVE","quotationInfo":{"totalRefundAmount":500.00,"totalRefundWithoutSuspense":0.00,"totalGsv":0.00,"totalSsv":0.00,"totalGrossSV":0.00,"totalSuspenseAmount":500.00,"coverages":[{"productCode":"ARMP0000111","refundAmount":0.00}],"policyNumber":"ALI0QAP85960698"},"surrenderQuotationResponse":{"suspense":500.00,"advancePremium":0.00,"totalGrossSV":0.00,"netSV":0.00,"totalGsv":0.00,"totalSsv":0.00,"urpvDetails":[{"urpvAmount":0.00,"coverageNo":255103180,"productCode":"ARMP0000111"}]},"pmsRawResponse":"{\"result\":1,\"messages\":null,\"exceptions\":null,\"clientRequestId\":null,\"clientRequestTime\":\"2020-11-11T13:01:45.034+0530\",\"policyNumber\":\"ALI0QAP85960698\",\"submissionDate\":\"2020-11-11T13:01:45.128+0530\",\"effectiveDate\":\"2020-11-11T05:30:00.000+0530\",\"itemResult\":{\"suspense\":0.00,\"advancePremium\":0.00,\"totalGrossSV\":0.00,\"netSV\":0.00,\"totalGsv\":0.00,\"totalSsv\":0.00,\"grossSvDetails\":null,\"gsvDetails\":null,\"ssvDetails\":null,\"urpvDetails\":[{\"urpvAmount\":0.00,\"coverageNo\":255103180,\"productCode\":\"ARMP0000111\"}],\"extendedProps\":{}},\"extendedProps\":{}}"}</p> <p>Actual Can Type=>SURRENDER Expected Can Type=>SURRENDER</p> <p>Response Body of SURRENDER =>{"code":"SER100","desc":"Surrender Initiated For Policy Number: ALI0QAP85960698 and Service Request ID is SR0000156829","errorMessage":null}</p> <p>
Performed SURRENDER Response Body is:{"code":"SER100","desc":"Surrender Initiated For Policy Number: ALI0QAP85960698 and Service Request ID is SR0000156829","errorMessage":null}</p> <p>Performed SURRENDER Response Code is:200</p> <p>Policy Status after performing SURRENDER : SURRENDER_COMPLETED| TERMINATED</p> <p>Cancelled Policy Number is:::ALI0QAP85960698</p> <p>Get Payout Status after Freelook Cancellation.</p> <p>Payout status is ok.</p> <p>[{"id":102749,"businessId":"SURF1111200000102749","policyNumber":"ALI0QAP85960698","paymentId":"pay_FzmMzM4VhHIWj4","amount":0.00,"reason":"Financial requirement","requestedOn":"2020-11-11T00:00:00.000+0000","status":"REFUNDED","vendorRefund":{"vendorCode":"RAZORPAY","request":"{\"body\": {\"note\": {\"amount\": 938, \"dueDate\": \"2020-11-21\", \"payoutId\": null, \"policyno\": \"ALI0QAP85960698\", \"aegonOrderid\": \"NBORALI0QAP8596069800327699\", \"policyStatus\": null, \"fundAccountId\": null, \"additionalInfo\": null, \"aegonTransactionid\": \"NBTR1111200000249674\"}, \"amount\": \"6200\", \"paymentid\": \"pay_FzmMzM4VhHIWj4\"}, \"name\": \"RefundPayment\"}","response":"{\"id\": \"rfnd_FzmU4X5hcf4kcs\", \"notes\": [], \"amount\": 6200, \"entity\": \"refund\", \"status\": \"processed\", \"receipt\": null, \"batch_id\": null, \"currency\": \"INR\", \"created_at\": 1605080190, \"payment_id\": \"pay_FzmMzM4VhHIWj4\", \"acquirer_data\": {\"arn\": null}, \"speed_processed\": \"normal\", \"speed_requested\": \"optimum\"}","vendorRefundId":"rfnd_FzmU4X5hcf4kcs","arn":null,"vendorRefundStatus":"REFUNDED"},"approver":"16398","instrumentNumber":null,"issuedOn":null,"payoutDate":"2020-11-11T07:36:30.504+0000","processInstanceId":"9c752c94-23f0-11eb-adfe-0a10d2210fba","payoutType":"SU","partialPayout":false,"amountPaid":62.00,"suspenseType":null,"payoutMode":"cc","fundAccountId":null,"payoutMethod":"PAYMENTGATEWAY"}]</p> <p>array size is::1</p> <p>Payout type::: SU amount::: 0.0 amountPaid::: 62.0</p> <p>Get Suspence Entry After Payout Initiated.</p> <p>Suspense done.</p> <p>[{"policyNumber":"ALI0QAP85960698","amount":0.00,"suspenseType":"NB"},{"policyNumber":"ALI0QAP85960698","amount":0.00,"suspenseType":"RENEWAL"},{"policyNumber":"ALI0QAP85960698","amount":0.00,"suspenseType":"PAYOUT"},{"policyNumber":"ALI0QAP85960698","amount":0,"suspenseType":"REINSTATEMENT"},{"policyNumber":"ALI0QAP85960698","amount":0,"suspenseType":"AR"}]</p> <p>Suspense Status : 0.0 || 0.0 || 0.0 || 0.0 || 0</p>  </system-out>
  <testcase classname="Payout.PayoutAnkit" name="verifyPayoutforCancellPolicy" time="594.589"/>
  <system-out>
<p>
******** Test Scenario  :  Payout => For Cancelled Policy*********
</p> <p>Policy created using Mock API.</p> <p>Status     : 200</p> <p>Response   : {"code":"PROP100","desc":"Proposal Accepted","errorMessage":null}</p> <p>Policy No is:ALI0QAP11894305</p> <p>Get Quotation amount for NB.</p> <p>
***** To get installment Premium from getNBQuotation API method Started *****
</p> <p>Amount to pay : 484.0</p> <p>
 installment Premium Returned *****
</p> <p>Payment process initiated using initiate payment.</p> <p>status code   :200</p> <p>Initiate Payment response body	: {"payment":{"id":249666,"businessId":"NBTR1111200000249666","paymentDateTime":null,"amount":984.0,"vendorPayment":{"vendorCode":"RAZORPAY","vendorOrderId":"order_FzmCa0NjTj9yf3","paymentId":null},"status":"INITIATED","paymentMode":null,"receiptDocId":null,"pasUpdatedOn":null,"card":null,"cheque":null,"demandDraft":null,"fundTransfer":null,"micrNumber":null,"ifscCode":null,"bankName":null,"userId":"SYSTEM","branchName":null,"branchCode":null,"transactionId":null,"processInstanceId":null,"accountNumber":null,"paymentMethod":"PAYMENTGATEWAY"},"payer":{"id":239225,"name":"Test User","email":"ankitk@360logica.com","mobileNumber":"6660060198","policyNumber":"ALI0QAP11894305","vendorPayer":{"vendorCode":"RAZORPAY","payerId":"cust_EpvAB2ochO5IEb"},"status":null},"bill":{"id":327691,"policyNumber":"ALI0QAP11894305","dueDate":"2020-11-21","amount":984.0,"type":"NB","status":"GENERATED","product":{"type":"Term","schemeCode":"ARMP0000111"},"businessId":"NBORALI0QAP1189430500327691","amountPayable":984.0,"serviceRequestId":null},"receiptDocUrl":null,"anyTimeSiRegistered":false}</p> <p>Status Code						: 200</p> <p>Payment initiated.</p> <p>Get Mandate Status for Policy Number.</p> <p>Manadate done.</p> <p>[{"id":96956,"status":"Open","payer":{"id":239225,"name":"Test User","email":"ankitk@360logica.com","mobileNumber":"6660060198","policyNumber":"ALI0QAP11894305","vendorPayer":{"vendorCode":"RAZORPAY","payerId":"cust_EpvAB2ochO5IEb"},"status":null},"payment":{"id":249666,"businessId":"NBTR1111200000249666","paymentDateTime":null,"amount":984.0,"vendorPayment":{"vendorCode":"RAZORPAY","vendorOrderId":"order_FzmCa0NjTj9yf3","paymentId":null},"status":"INITIATED","paymentMode":null,"receiptDocId":null,"pasUpdatedOn":null,"card":null,"cheque":null,"demandDraft":null,"fundTransfer":null,"micrNumber":null,"ifscCode":null,"bankName":null,"userId":"SYSTEM","branchName":null,"branchCode":null,"transactionId":null,"processInstanceId":null,"accountNumber":null,"paymentMethod":"PAYMENTGATEWAY"},"contractNumber":"ALI0QAP11894305","vendorMandateId":null,"startDate":"2020-11-11","endDate":null,"type":"CCSI","subtype":null,"vendorCode":"RAZORPAY","deactivatedOn":null,"deactivationRefId":null,"card":null,"additionalInfo":null,"reason":null,"anytimeSi":false,"lastAutoDebitStatus":null,"businessId":null}]</p> <p>Policy Manadte status is : [Open]</p> <p>Make payment using Card payment option</p> <p>Selected Payment Type is Card.</p> <p>Verify Payment Info for New Business (NB).</p> <p>Final Payment done.</p> <p>response of payment info	: {"paymentModeDescription":"Card","vendorOrderId":"order_FzmCa0NjTj9yf3","dueDate":"2020-11-21","businessId":"NBTR1111200000249666","policyNumber":"ALI0QAP11894305","ddDate":null,"bankName":null,"ddNumber":null,"chequeNumber":null,"createdOn":"2020-11-11","isMandateRegistered":true,"paymentType":"New Business","vendorCode":"RAZORPAY","ddType":null,"id":249666,"processInstanceId":null,"amount":984.0,"paymentReceivedDate":"2020-11-11T07:20:48.000+0000","paymentMode":"cc","branchName":null,"receiptDocId":null,"chequeDate":null,"branchCode":null,"chequeType":null,"billBusinessId":"NBORALI0QAP1189430500327691","vendorTransactionId":"pay_FzmDTw3FmvVDEJ","status":"SUCCESSFUL"}</p> <p>Manadte Registration is : true</p> <p>Payment Mode, Due Date and Amount values are	: Card || 2020-11-21 || 984.0</p> <p>Get Mandate Status for Policy Number after payment done.</p> <p>Manadate done.</p> <p>[{"id":96956,"status":"Registered","payer":{"id":239225,"name":"Test User","email":"ankitk@360logica.com","mobileNumber":"6660060198","policyNumber":"ALI0QAP11894305","vendorPayer":{"vendorCode":"RAZORPAY","payerId":"cust_EpvAB2ochO5IEb"},"status":null},"payment":{"id":249666,"businessId":"NBTR1111200000249666","paymentDateTime":"2020-11-11T07:20:48.000+0000","amount":984.0,"vendorPayment":{"vendorCode":"RAZORPAY","vendorOrderId":"order_FzmCa0NjTj9yf3","paymentId":"pay_FzmDTw3FmvVDEJ"},"status":"SUCCESSFUL","paymentMode":"cc","receiptDocId":null,"pasUpdatedOn":null,"card":{"name":"Aditi Patel","emi":false,"entity":"card","last4":"5558","international":true,"cardType":"credit","cardId":"card_EqBFnTIROnox5g","network":"MasterCard"},"cheque":null,"demandDraft":null,"fundTransfer":null,"micrNumber":null,"ifscCode":null,"bankName":null,"userId":"SYSTEM","branchName":null,"branchCode":null,"transactionId":null,"processInstanceId":"70b91bda-23ee-11eb-adfe-0a10d2210fba","accountNumber":null,"paymentMethod":"PAYMENTGATEWAY"},"contractNumber":"ALI0QAP11894305","vendorMandateId":"token_EsAoYEDhOwFoXr","startDate":"2020-11-11","endDate":null,"type":"CCSI","subtype":null,"vendorCode":"RAZORPAY","deactivatedOn":null,"deactivationRefId":null,"card":{"name":"Aditi Patel","emi":false,"entity":"card","last4":"5558","international":true,"cardType":"credit","cardId":"card_EqBFnTIROnox5g","network":"MasterCard"},"additionalInfo":null,"reason":null,"anytimeSi":false,"lastAutoDebitStatus":null,"businessId":null}]</p> <p>Policy Manadte status is : [Registered]</p> <p>Get All Suspences Entry.</p> <p>Suspense done.</p> <p>[{"policyNumber":"ALI0QAP11894305","amount":0.00,"suspenseType":"NB"},{"policyNumber":"ALI0QAP11894305","amount":500.00,"suspenseType":"RENEWAL"},{"policyNumber":"ALI0QAP11894305","amount":0,"suspenseType":"PAYOUT"},{"policyNumber":"ALI0QAP11894305","amount":0,"suspenseType":"REINSTATEMENT"},{"policyNumber":"ALI0QAP11894305","amount":0,"suspenseType":"AR"}]</p> <p>Suspense Status : 0.0 || 500.0 || 0.0 || 0.0 || 0</p> <p>Verify Policy is in 'INFORCE' Status for Standard decision=>ALI0QAP11894305</p> <p>GET -> Policy Number : The status code is: 200</p> <p>Policy status : INFORCE</p> <p>Generate Token</p> <p>Cancel Policy</p> <p>Response Body of FREELOOK Quote=>{"policyNumber":"ALI0QAP11894305","type":"FREELOOK","status":"ACTIVE","quotationInfo":{"totalRefundAmount":500.00,"totalRefundWithoutSuspense":0.00,"totalProratedIgst":9.46,"totalProratedCgst":0.00,"totalProratedSgst":0.00,"totalProratedUgst":0.00,"totalStampDuty":3000.00,"totalProratedMortality":52.56,"medicalFee":10.00,"totalPremium":484.00,"totalSuspenseAmount":500.00,"totalFreelookCharges":3072.02,"coverages":[{"productCode":"ARMP0000111","refundAmount":-2578.02,"stampDutyAmount":3000.00,"proratedMortality":52.56,"proratedIgst":9.46,"proratedUgst":0.00,"proratedSgst":0.00,"proratedCgst":0.00,"cgstTaxRate":0.00,"sgstTaxRate":0.00,"ugstTaxRate":0.00,"igstTaxRate":18.00}],"totalProratedExtraPremium":0.00,"totalRefundWithoutRoundOff":500.00,"waivedOffCharges":2588.02},"pmsRawResponse":"{\"result\":1,\"messages\":null,\"exceptions\":null,\"clientRequestTime\":\"2020-11-11T12:52:48.656+0530\",\"policyNumber\":\"ALI0QAP11894305\",\"serviceId\":0,\"submissionDate\":\"2020-11-11T12:52:48.735+0530\",\"effectiveDate\":\"2020-11-11T05:30:00.000+0530\",\"itemResult\":{\"adminFee\":null,\"totalGrossPremium\":null,\"totalExtraPremium\":null,\"suspense\":0.00,\"advancePremium\":0.00,\"medicalFee\":0.00,\"totalRefundAmount\":0.00,\"totalProratediGst\":9.46,\"totalProrateduGst\":0.00,\"totalProratedsGst\":0.00,\"totalProratedcGst\":0.00,\"details\":[{\"productCode\":\"ARMP0000111\",\"refundAmount\":-2578.02,\"stampDutyAmount\":3000.00,\"proratedRiskPremium\":52.56,\"proratediGst\":9.46,\"prorateduGst\":0.00,\"proratedsGst\":0.00,\"proratedcGst\":0.00,\"proratedExtraPrems\":null,\"cgstTaxRate\":0.00,\"sgstTaxRate\":0.00,\"ugstTaxRate\":0.00,\"igstTaxRate\":18.00}]}}"}</p> <p>Actual Can Type=>FREELOOK Expected Can Type=>FREELOOK</p> <p>Response Body of FREELOOK =>{"code":"POL100","desc":"Refund Initiated For Policy Number: ALI0QAP11894305 and Service Request ID is SR0000156807","errorMessage":null,"addInfos":{"serviceRequestId":"SR0000156807"}}</p> <p>
Performed FREELOOK Response Body is:{"code":"POL100","desc":"Refund Initiated For Policy Number: ALI0QAP11894305 and Service Request ID is SR0000156807","errorMessage":null,"addInfos":{"serviceRequestId":"SR0000156807"}}</p> <p>Performed FREELOOK Response Code is:200</p> <p>Policy Status after performing FREELOOK : FREELOOK_COMPLETED| TERMINATED</p> <p>Cancelled Policy Number is:::ALI0QAP11894305</p> <p>Get Payout Status after Freelook Cancellation.</p> <p>Payout status is ok.</p> <p>[{"id":102748,"businessId":"SURF1111200000102748","policyNumber":"ALI0QAP11894305","paymentId":"pay_FzmDTw3FmvVDEJ","amount":0.00,"reason":"Policy Purchased by mistake","requestedOn":"2020-11-11T00:00:00.000+0000","status":"REFUNDED","vendorRefund":{"vendorCode":"RAZORPAY","request":"{\"body\": {\"note\": {\"amount\": 984, \"dueDate\": \"2020-11-21\", \"payoutId\": null, \"policyno\": \"ALI0QAP11894305\", \"aegonOrderid\": \"NBORALI0QAP1189430500327691\", \"policyStatus\": null, \"fundAccountId\": null, \"additionalInfo\": null, \"aegonTransactionid\": \"NBTR1111200000249666\"}, \"amount\": \"50000\", \"paymentid\": \"pay_FzmDTw3FmvVDEJ\"}, \"name\": \"RefundPayment\"}","response":"{\"id\": \"rfnd_FzmJB2kWqG2uOu\", \"notes\": [], \"amount\": 50000, \"entity\": \"refund\", \"status\": \"processed\", \"receipt\": null, \"batch_id\": null, \"currency\": \"INR\", \"created_at\": 1605079571, \"payment_id\": \"pay_FzmDTw3FmvVDEJ\", \"acquirer_data\": {\"arn\": null}, \"speed_processed\": \"normal\", \"speed_requested\": \"optimum\"}","vendorRefundId":"rfnd_FzmJB2kWqG2uOu","arn":null,"vendorRefundStatus":"REFUNDED"},"approver":"16398","instrumentNumber":null,"issuedOn":null,"payoutDate":"2020-11-11T07:26:11.911+0000","processInstanceId":"2b908770-23ef-11eb-adfe-0a10d2210fba","payoutType":"SU","partialPayout":false,"amountPaid":500.00,"suspenseType":null,"payoutMode":"cc","fundAccountId":null,"payoutMethod":"PAYMENTGATEWAY"}]</p> <p>array size is::1</p> <p>Payout type::: SU amount::: 0.0 amountPaid::: 500.0</p> <p>Get Suspence Entry After Payout Initiated.</p> <p>Suspense done.</p> <p>[{"policyNumber":"ALI0QAP11894305","amount":0.00,"suspenseType":"NB"},{"policyNumber":"ALI0QAP11894305","amount":0.00,"suspenseType":"RENEWAL"},{"policyNumber":"ALI0QAP11894305","amount":0.00,"suspenseType":"PAYOUT"},{"policyNumber":"ALI0QAP11894305","amount":0,"suspenseType":"REINSTATEMENT"},{"policyNumber":"ALI0QAP11894305","amount":0,"suspenseType":"AR"}]</p> <p>Suspense Status : 0.0 || 0.0 || 0.0 || 0.0 || 0</p>  </system-out>
  <testcase classname="Payout.PayoutAnkit" name="verifyPayoutforCancellPolicy" time="210.108">
    <failure message="expected [200] but found [400]" type="java.lang.AssertionError">
      <![CDATA[java.lang.AssertionError: expected [200] but found [400]
at org.testng.Assert.fail(Assert.java:99)
at org.testng.Assert.failNotEquals(Assert.java:1037)
at org.testng.Assert.assertEqualsImpl(Assert.java:140)
at org.testng.Assert.assertEquals(Assert.java:122)
at org.testng.Assert.assertEquals(Assert.java:907)
at org.testng.Assert.assertEquals(Assert.java:917)
at practice.utility.FreelookTest.getQuoteNullVoid(FreelookTest.java:203)
at practice.utility.InitiatePayment.CacellationPolicy(InitiatePayment.java:1103)
at Payout.PayoutAnkit.BeforeTest(PayoutAnkit.java:206)
at Payout.PayoutAnkit.verifyPayoutforCancellPolicy(PayoutAnkit.java:218)
at java.base/jdk.internal.reflect.NativeMethodAccessorImpl.invoke0(Native Method)
at java.base/jdk.internal.reflect.NativeMethodAccessorImpl.invoke(NativeMethodAccessorImpl.java:62)
at java.base/jdk.internal.reflect.DelegatingMethodAccessorImpl.invoke(DelegatingMethodAccessorImpl.java:43)
at java.base/java.lang.reflect.Method.invoke(Method.java:564)
at org.testng.internal.MethodInvocationHelper.invokeMethod(MethodInvocationHelper.java:132)
at org.testng.internal.TestInvoker.invokeMethod(TestInvoker.java:599)
at org.testng.internal.TestInvoker.invokeTestMethod(TestInvoker.java:174)
at org.testng.internal.MethodRunner.runInSequence(MethodRunner.java:46)
at org.testng.internal.TestInvoker$MethodInvocationAgent.invoke(TestInvoker.java:822)
at org.testng.internal.TestInvoker.invokeTestMethods(TestInvoker.java:147)
at org.testng.internal.TestMethodWorker.invokeTestMethods(TestMethodWorker.java:146)
at org.testng.internal.TestMethodWorker.run(TestMethodWorker.java:128)
at java.base/java.util.ArrayList.forEach(ArrayList.java:1511)
at org.testng.TestRunner.privateRun(TestRunner.java:764)
at org.testng.TestRunner.run(TestRunner.java:585)
at org.testng.SuiteRunner.runTest(SuiteRunner.java:384)
at org.testng.SuiteRunner.runSequentially(SuiteRunner.java:378)
at org.testng.SuiteRunner.privateRun(SuiteRunner.java:337)
at org.testng.SuiteRunner.run(SuiteRunner.java:286)
at org.testng.SuiteRunnerWorker.runSuite(SuiteRunnerWorker.java:53)
at org.testng.SuiteRunnerWorker.run(SuiteRunnerWorker.java:96)
at org.testng.TestNG.runSuitesSequentially(TestNG.java:1218)
at org.testng.TestNG.runSuitesLocally(TestNG.java:1140)
at org.testng.TestNG.runSuites(TestNG.java:1069)
at org.testng.TestNG.run(TestNG.java:1037)
at org.testng.remote.AbstractRemoteTestNG.run(AbstractRemoteTestNG.java:115)
at org.testng.remote.RemoteTestNG.initAndRun(RemoteTestNG.java:251)
at org.testng.remote.RemoteTestNG.main(RemoteTestNG.java:77)
]]>
    </failure>
  </testcase> <!-- verifyPayoutforCancellPolicy -->
  <system-out>
<p>
******** Test Scenario  :  Payout => For Cancelled Policy*********
</p> <p>Policy created using Mock API.</p> <p>Status     : 200</p> <p>Response   : {"code":"PROP100","desc":"Proposal Accepted","errorMessage":null}</p> <p>Policy No is:ALI0QAP16533614</p> <p>Get Quotation amount for NB.</p> <p>
***** To get installment Premium from getNBQuotation API method Started *****
</p> <p>Amount to pay : 505.0</p> <p>
 installment Premium Returned *****
</p> <p>Payment process initiated using initiate payment.</p> <p>status code   :200</p> <p>Initiate Payment response body	: {"payment":{"id":249684,"businessId":"NBTR1111200000249684","paymentDateTime":null,"amount":1005.0,"vendorPayment":{"vendorCode":"RAZORPAY","vendorOrderId":"order_FzmVVl5P39M5Up","paymentId":null},"status":"INITIATED","paymentMode":null,"receiptDocId":null,"pasUpdatedOn":null,"card":null,"cheque":null,"demandDraft":null,"fundTransfer":null,"micrNumber":null,"ifscCode":null,"bankName":null,"userId":"SYSTEM","branchName":null,"branchCode":null,"transactionId":null,"processInstanceId":null,"accountNumber":null,"paymentMethod":"PAYMENTGATEWAY"},"payer":{"id":239262,"name":"Test User","email":"ankitk@360logica.com","mobileNumber":"6660060198","policyNumber":"ALI0QAP16533614","vendorPayer":{"vendorCode":"RAZORPAY","payerId":"cust_EpvAB2ochO5IEb"},"status":null},"bill":{"id":327724,"policyNumber":"ALI0QAP16533614","dueDate":"2020-11-21","amount":1005.0,"type":"NB","status":"GENERATED","product":{"type":"Term","schemeCode":"ARMP0000111"},"businessId":"NBORALI0QAP1653361400327724","amountPayable":1005.0,"serviceRequestId":null},"receiptDocUrl":null,"anyTimeSiRegistered":false}</p> <p>Status Code						: 200</p> <p>Payment initiated.</p> <p>Get Mandate Status for Policy Number.</p> <p>Manadate done.</p> <p>[{"id":96968,"status":"Open","payer":{"id":239262,"name":"Test User","email":"ankitk@360logica.com","mobileNumber":"6660060198","policyNumber":"ALI0QAP16533614","vendorPayer":{"vendorCode":"RAZORPAY","payerId":"cust_EpvAB2ochO5IEb"},"status":null},"payment":{"id":249684,"businessId":"NBTR1111200000249684","paymentDateTime":null,"amount":1005.0,"vendorPayment":{"vendorCode":"RAZORPAY","vendorOrderId":"order_FzmVVl5P39M5Up","paymentId":null},"status":"INITIATED","paymentMode":null,"receiptDocId":null,"pasUpdatedOn":null,"card":null,"cheque":null,"demandDraft":null,"fundTransfer":null,"micrNumber":null,"ifscCode":null,"bankName":null,"userId":"SYSTEM","branchName":null,"branchCode":null,"transactionId":null,"processInstanceId":null,"accountNumber":null,"paymentMethod":"PAYMENTGATEWAY"},"contractNumber":"ALI0QAP16533614","vendorMandateId":null,"startDate":"2020-11-11","endDate":null,"type":"CCSI","subtype":null,"vendorCode":"RAZORPAY","deactivatedOn":null,"deactivationRefId":null,"card":null,"additionalInfo":null,"reason":null,"anytimeSi":false,"lastAutoDebitStatus":null,"businessId":null}]</p> <p>Policy Manadte status is : [Open]</p> <p>Make payment using Card payment option</p> <p>Selected Payment Type is Card.</p> <p>Verify Payment Info for New Business (NB).</p> <p>Final Payment done.</p> <p>response of payment info	: {"paymentModeDescription":"Card","vendorOrderId":"order_FzmVVl5P39M5Up","dueDate":"2020-11-21","businessId":"NBTR1111200000249684","policyNumber":"ALI0QAP16533614","ddDate":null,"bankName":null,"ddNumber":null,"chequeNumber":null,"createdOn":"2020-11-11","isMandateRegistered":true,"paymentType":"New Business","vendorCode":"RAZORPAY","ddType":null,"id":249684,"processInstanceId":null,"amount":1005.0,"paymentReceivedDate":"2020-11-11T07:38:45.000+0000","paymentMode":"cc","branchName":null,"receiptDocId":null,"chequeDate":null,"branchCode":null,"chequeType":null,"billBusinessId":"NBORALI0QAP1653361400327724","vendorTransactionId":"pay_FzmWS4fIZkrN7t","status":"SUCCESSFUL"}</p> <p>Manadte Registration is : true</p> <p>Payment Mode, Due Date and Amount values are	: Card || 2020-11-21 || 1005.0</p> <p>Get Mandate Status for Policy Number after payment done.</p> <p>Manadate done.</p> <p>[{"id":96968,"status":"Registered","payer":{"id":239262,"name":"Test User","email":"ankitk@360logica.com","mobileNumber":"6660060198","policyNumber":"ALI0QAP16533614","vendorPayer":{"vendorCode":"RAZORPAY","payerId":"cust_EpvAB2ochO5IEb"},"status":null},"payment":{"id":249684,"businessId":"NBTR1111200000249684","paymentDateTime":"2020-11-11T07:38:45.000+0000","amount":1005.0,"vendorPayment":{"vendorCode":"RAZORPAY","vendorOrderId":"order_FzmVVl5P39M5Up","paymentId":"pay_FzmWS4fIZkrN7t"},"status":"SUCCESSFUL","paymentMode":"cc","receiptDocId":null,"pasUpdatedOn":null,"card":{"name":"Aditi Patel","emi":false,"entity":"card","last4":"5558","international":true,"cardType":"credit","cardId":"card_EqBFnTIROnox5g","network":"MasterCard"},"cheque":null,"demandDraft":null,"fundTransfer":null,"micrNumber":null,"ifscCode":null,"bankName":null,"userId":"SYSTEM","branchName":null,"branchCode":null,"transactionId":null,"processInstanceId":"f3247d11-23f0-11eb-adfe-0a10d2210fba","accountNumber":null,"paymentMethod":"PAYMENTGATEWAY"},"contractNumber":"ALI0QAP16533614","vendorMandateId":"token_EsAoYEDhOwFoXr","startDate":"2020-11-11","endDate":null,"type":"CCSI","subtype":null,"vendorCode":"RAZORPAY","deactivatedOn":null,"deactivationRefId":null,"card":{"name":"Aditi Patel","emi":false,"entity":"card","last4":"5558","international":true,"cardType":"credit","cardId":"card_EqBFnTIROnox5g","network":"MasterCard"},"additionalInfo":null,"reason":null,"anytimeSi":false,"lastAutoDebitStatus":null,"businessId":null}]</p> <p>Policy Manadte status is : [Registered]</p> <p>Get All Suspences Entry.</p> <p>Suspense done.</p> <p>[{"policyNumber":"ALI0QAP16533614","amount":0.00,"suspenseType":"NB"},{"policyNumber":"ALI0QAP16533614","amount":500.00,"suspenseType":"RENEWAL"},{"policyNumber":"ALI0QAP16533614","amount":0,"suspenseType":"PAYOUT"},{"policyNumber":"ALI0QAP16533614","amount":0,"suspenseType":"REINSTATEMENT"},{"policyNumber":"ALI0QAP16533614","amount":0,"suspenseType":"AR"}]</p> <p>Suspense Status : 0.0 || 500.0 || 0.0 || 0.0 || 0</p> <p>Verify Policy is in 'INFORCE' Status for Standard decision=>ALI0QAP16533614</p> <p>GET -> Policy Number : The status code is: 200</p> <p>Policy status : INFORCE</p> <p>Generate Token</p> <p>Cancel Policy</p>  </system-out>
  <testcase classname="Payout.PayoutAnkit" name="verifyPayoutforCancellPolicy" time="300.999">
    <failure message="The following asserts failed:
	expected [SU] but found [FLFR]" type="java.lang.AssertionError">
      <![CDATA[java.lang.AssertionError: The following asserts failed:
expected [SU] but found [FLFR]
at org.testng.asserts.SoftAssert.assertAll(SoftAssert.java:47)
at org.testng.asserts.SoftAssert.assertAll(SoftAssert.java:31)
at practice.utility.InitiatePayment.getPayoutStatus(InitiatePayment.java:1094)
at Payout.PayoutAnkit.verifyPayoutforCancellPolicy(PayoutAnkit.java:254)
at java.base/jdk.internal.reflect.NativeMethodAccessorImpl.invoke0(Native Method)
at java.base/jdk.internal.reflect.NativeMethodAccessorImpl.invoke(NativeMethodAccessorImpl.java:62)
at java.base/jdk.internal.reflect.DelegatingMethodAccessorImpl.invoke(DelegatingMethodAccessorImpl.java:43)
at java.base/java.lang.reflect.Method.invoke(Method.java:564)
at org.testng.internal.MethodInvocationHelper.invokeMethod(MethodInvocationHelper.java:132)
at org.testng.internal.TestInvoker.invokeMethod(TestInvoker.java:599)
at org.testng.internal.TestInvoker.invokeTestMethod(TestInvoker.java:174)
at org.testng.internal.MethodRunner.runInSequence(MethodRunner.java:46)
at org.testng.internal.TestInvoker$MethodInvocationAgent.invoke(TestInvoker.java:822)
at org.testng.internal.TestInvoker.invokeTestMethods(TestInvoker.java:147)
at org.testng.internal.TestMethodWorker.invokeTestMethods(TestMethodWorker.java:146)
at org.testng.internal.TestMethodWorker.run(TestMethodWorker.java:128)
at java.base/java.util.ArrayList.forEach(ArrayList.java:1511)
at org.testng.TestRunner.privateRun(TestRunner.java:764)
at org.testng.TestRunner.run(TestRunner.java:585)
at org.testng.SuiteRunner.runTest(SuiteRunner.java:384)
at org.testng.SuiteRunner.runSequentially(SuiteRunner.java:378)
at org.testng.SuiteRunner.privateRun(SuiteRunner.java:337)
at org.testng.SuiteRunner.run(SuiteRunner.java:286)
at org.testng.SuiteRunnerWorker.runSuite(SuiteRunnerWorker.java:53)
at org.testng.SuiteRunnerWorker.run(SuiteRunnerWorker.java:96)
at org.testng.TestNG.runSuitesSequentially(TestNG.java:1218)
at org.testng.TestNG.runSuitesLocally(TestNG.java:1140)
at org.testng.TestNG.runSuites(TestNG.java:1069)
at org.testng.TestNG.run(TestNG.java:1037)
at org.testng.remote.AbstractRemoteTestNG.run(AbstractRemoteTestNG.java:115)
at org.testng.remote.RemoteTestNG.initAndRun(RemoteTestNG.java:251)
at org.testng.remote.RemoteTestNG.main(RemoteTestNG.java:77)
]]>
    </failure>
  </testcase> <!-- verifyPayoutforCancellPolicy -->
  <system-out>
<p>
******** Test Scenario  :  Payout => For Cancelled Policy*********
</p> <p>Policy created using Mock API.</p> <p>Status     : 200</p> <p>Response   : {"code":"PROP100","desc":"Proposal Accepted","errorMessage":null}</p> <p>Policy No is:ALI0QAP16039652</p> <p>Get Quotation amount for NB.</p> <p>
***** To get installment Premium from getNBQuotation API method Started *****
</p> <p>Amount to pay : 641.0</p> <p>
 installment Premium Returned *****
</p> <p>Payment process initiated using initiate payment.</p> <p>status code   :200</p> <p>Initiate Payment response body	: {"payment":{"id":249689,"businessId":"NBTR1111200000249689","paymentDateTime":null,"amount":1141.0,"vendorPayment":{"vendorCode":"RAZORPAY","vendorOrderId":"order_FzmcsNVLyQ9DmX","paymentId":null},"status":"INITIATED","paymentMode":null,"receiptDocId":null,"pasUpdatedOn":null,"card":null,"cheque":null,"demandDraft":null,"fundTransfer":null,"micrNumber":null,"ifscCode":null,"bankName":null,"userId":"SYSTEM","branchName":null,"branchCode":null,"transactionId":null,"processInstanceId":null,"accountNumber":null,"paymentMethod":"PAYMENTGATEWAY"},"payer":{"id":239276,"name":"Test User","email":"ankitk@360logica.com","mobileNumber":"6660060198","policyNumber":"ALI0QAP16039652","vendorPayer":{"vendorCode":"RAZORPAY","payerId":"cust_EpvAB2ochO5IEb"},"status":null},"bill":{"id":327731,"policyNumber":"ALI0QAP16039652","dueDate":"2020-11-21","amount":1141.0,"type":"NB","status":"GENERATED","product":{"type":"Term","schemeCode":"ARMP0000111"},"businessId":"NBORALI0QAP1603965200327731","amountPayable":1141.0,"serviceRequestId":null},"receiptDocUrl":null,"anyTimeSiRegistered":false}</p> <p>Status Code						: 200</p> <p>Payment initiated.</p> <p>Get Mandate Status for Policy Number.</p> <p>Manadate done.</p> <p>[{"id":96973,"status":"Open","payer":{"id":239276,"name":"Test User","email":"ankitk@360logica.com","mobileNumber":"6660060198","policyNumber":"ALI0QAP16039652","vendorPayer":{"vendorCode":"RAZORPAY","payerId":"cust_EpvAB2ochO5IEb"},"status":null},"payment":{"id":249689,"businessId":"NBTR1111200000249689","paymentDateTime":null,"amount":1141.0,"vendorPayment":{"vendorCode":"RAZORPAY","vendorOrderId":"order_FzmcsNVLyQ9DmX","paymentId":null},"status":"INITIATED","paymentMode":null,"receiptDocId":null,"pasUpdatedOn":null,"card":null,"cheque":null,"demandDraft":null,"fundTransfer":null,"micrNumber":null,"ifscCode":null,"bankName":null,"userId":"SYSTEM","branchName":null,"branchCode":null,"transactionId":null,"processInstanceId":null,"accountNumber":null,"paymentMethod":"PAYMENTGATEWAY"},"contractNumber":"ALI0QAP16039652","vendorMandateId":null,"startDate":"2020-11-11","endDate":null,"type":"CCSI","subtype":null,"vendorCode":"RAZORPAY","deactivatedOn":null,"deactivationRefId":null,"card":null,"additionalInfo":null,"reason":null,"anytimeSi":false,"lastAutoDebitStatus":null,"businessId":null}]</p> <p>Policy Manadte status is : [Open]</p> <p>Make payment using Card payment option</p> <p>Selected Payment Type is Card.</p> <p>Verify Payment Info for New Business (NB).</p> <p>Final Payment done.</p> <p>response of payment info	: {"paymentModeDescription":"Card","vendorOrderId":"order_FzmcsNVLyQ9DmX","dueDate":"2020-11-21","businessId":"NBTR1111200000249689","policyNumber":"ALI0QAP16039652","ddDate":null,"bankName":null,"ddNumber":null,"chequeNumber":null,"createdOn":"2020-11-11","isMandateRegistered":true,"paymentType":"New Business","vendorCode":"RAZORPAY","ddType":null,"id":249689,"processInstanceId":null,"amount":1141.0,"paymentReceivedDate":"2020-11-11T07:45:44.000+0000","paymentMode":"cc","branchName":null,"receiptDocId":null,"chequeDate":null,"branchCode":null,"chequeType":null,"billBusinessId":"NBORALI0QAP1603965200327731","vendorTransactionId":"pay_FzmdojPjdcyNJf","status":"SUCCESSFUL"}</p> <p>Manadte Registration is : true</p> <p>Payment Mode, Due Date and Amount values are	: Card || 2020-11-21 || 1141.0</p> <p>Get Mandate Status for Policy Number after payment done.</p> <p>Manadate done.</p> <p>[{"id":96973,"status":"Registered","payer":{"id":239276,"name":"Test User","email":"ankitk@360logica.com","mobileNumber":"6660060198","policyNumber":"ALI0QAP16039652","vendorPayer":{"vendorCode":"RAZORPAY","payerId":"cust_EpvAB2ochO5IEb"},"status":null},"payment":{"id":249689,"businessId":"NBTR1111200000249689","paymentDateTime":"2020-11-11T07:45:44.000+0000","amount":1141.0,"vendorPayment":{"vendorCode":"RAZORPAY","vendorOrderId":"order_FzmcsNVLyQ9DmX","paymentId":"pay_FzmdojPjdcyNJf"},"status":"SUCCESSFUL","paymentMode":"cc","receiptDocId":null,"pasUpdatedOn":null,"card":{"name":"Aditi Patel","emi":false,"entity":"card","last4":"5558","international":true,"cardType":"credit","cardId":"card_EqBFnTIROnox5g","network":"MasterCard"},"cheque":null,"demandDraft":null,"fundTransfer":null,"micrNumber":null,"ifscCode":null,"bankName":null,"userId":"SYSTEM","branchName":null,"branchCode":null,"transactionId":null,"processInstanceId":"ecb24a8c-23f1-11eb-adfe-0a10d2210fba","accountNumber":null,"paymentMethod":"PAYMENTGATEWAY"},"contractNumber":"ALI0QAP16039652","vendorMandateId":"token_EsAoYEDhOwFoXr","startDate":"2020-11-11","endDate":null,"type":"CCSI","subtype":null,"vendorCode":"RAZORPAY","deactivatedOn":null,"deactivationRefId":null,"card":{"name":"Aditi Patel","emi":false,"entity":"card","last4":"5558","international":true,"cardType":"credit","cardId":"card_EqBFnTIROnox5g","network":"MasterCard"},"additionalInfo":null,"reason":null,"anytimeSi":false,"lastAutoDebitStatus":null,"businessId":null}]</p> <p>Policy Manadte status is : [Registered]</p> <p>Get All Suspences Entry.</p> <p>Suspense done.</p> <p>[{"policyNumber":"ALI0QAP16039652","amount":0.00,"suspenseType":"NB"},{"policyNumber":"ALI0QAP16039652","amount":500.00,"suspenseType":"RENEWAL"},{"policyNumber":"ALI0QAP16039652","amount":0,"suspenseType":"PAYOUT"},{"policyNumber":"ALI0QAP16039652","amount":0,"suspenseType":"REINSTATEMENT"},{"policyNumber":"ALI0QAP16039652","amount":0,"suspenseType":"AR"}]</p> <p>Suspense Status : 0.0 || 500.0 || 0.0 || 0.0 || 0</p> <p>Verify Policy is in 'INFORCE' Status for Standard decision=>ALI0QAP16039652</p> <p>GET -> Policy Number : The status code is: 200</p> <p>Policy status : INFORCE</p> <p>Generate Token</p> <p>Cancel Policy</p> <p>Response Body of CANCEL_FULL_REFUND Quote=>{"policyNumber":"ALI0QAP16039652","type":"CANCEL_FULL_REFUND","status":"ACTIVE","quotationInfo":{"totalRefundAmount":1141.00,"totalRefundWithoutSuspense":641.00,"totalSuspenseAmount":500.00,"coverages":[{"productCode":"ARMP0000111","refundAmount":641.00,"totalIgst":98.00,"totalCgst":0.00,"totalSgst":0.00,"totalUgst":0.00}],"policyNumber":"ALI0QAP16039652","totalBasePlanPremium":641.00,"totalRiderPremium":0.00,"survivalBenefit":0.00,"totalReceiptAmount":1141.00,"totalIgst":98.00,"totalCgst":0.00,"totalSgst":0.00,"totalUgst":0.00,"status":"ACTIVE","type":"CANCEL_FULL_REFUND"},"cancelFullRefundQuotationResponse":{"totalBasePlanPremium":641.00,"totalRiderPremium":0.00,"suspenseAmount":500.00,"survivalBenefit":0.00,"totalReceiptAmount":1141.00,"totalRefundAmount":1141.00,"totalIgst":98.00,"totalSgst":0.00,"totalCgst":0.00,"totalUgst":0.00,"coverages":[{"code":"ARMP0000111","status":"INFORCE","reason":"NEW_ISSUE","totalRefundAmount":641.00,"totalIgst":98.00,"totalSgst":0.00,"totalCgst":0.00,"totalUgst":0.00}]},"pmsRawResponse":"{\"result\":1,\"extendedProps\":{},\"clientRequestId\":\"474b83a7-fb95-44e8-836a-01cd3f3d7f43\",\"clientRequestTime\":\"2020-11-11T13:17:42.488+0530\",\"policy\":{\"extendedProps\":{\"property1\":null,\"property2\":null},\"totalPremPaidWithoutTax\":543,\"totalIGstPaid\":98.00,\"totalSGstPaid\":0,\"totalCGstPaid\":0,\"totalUGstPaid\":0,\"totalPremPaidAfterRounding\":641,\"totalOsPremOnEventDate\":0,\"totalAdditionPremOnEventDate\":0,\"coverageInfos\":[{\"extendedProps\":{\"property1\":null,\"property2\":null},\"coverageNo\":\"255106284\",\"productCode\":\"ARMP0000111\",\"riskStatus\":1,\"totalPremPaidWithoutTax\":543,\"totalIGstPaid\":98.00,\"totalSGstPaid\":0,\"totalCGstPaid\":0,\"totalUGstPaid\":0,\"osPremOnEventDate\":0,\"additionPremOnEventDate\":0,\"osDetails\":[]}]}}"}</p> <p>Actual Can Type=>CANCEL_FULL_REFUND Expected Can Type=>CANCEL_FULL_REFUND</p> <p>Response Body of CANCEL_FULL_REFUND =>{"code":"CFR100","desc":"Cancel Full Refund Successful for policy number: ALI0QAP16039652 with service request id: SR0000156839","errorMessage":null}</p> <p>
Performed CANCEL_FULL_REFUND Response Body is:{"code":"CFR100","desc":"Cancel Full Refund Successful for policy number: ALI0QAP16039652 with service request id: SR0000156839","errorMessage":null}</p> <p>Performed CANCEL_FULL_REFUND Response Code is:200</p> <p>Policy Status after performing CANCEL_FULL_REFUND : CANCEL_FULL_REFUND| TERMINATED</p> <p>Cancelled Policy Number is:::ALI0QAP16039652</p> <p>Get Payout Status after Freelook Cancellation.</p> <p>Payout status is ok.</p> <p>[{"id":102750,"businessId":"FLFRRF1111200000102750","policyNumber":"ALI0QAP16039652","paymentId":"pay_FzmdojPjdcyNJf","amount":641.00,"reason":"Policy features Benefits are inadequate","requestedOn":"2020-11-11T00:00:00.000+0000","status":"REFUNDED","vendorRefund":{"vendorCode":"RAZORPAY","request":"{\"body\": {\"note\": {\"amount\": 1141, \"dueDate\": \"2020-11-21\", \"payoutId\": null, \"policyno\": \"ALI0QAP16039652\", \"aegonOrderid\": \"NBORALI0QAP1603965200327731\", \"policyStatus\": null, \"fundAccountId\": null, \"additionalInfo\": null, \"aegonTransactionid\": \"NBTR1111200000249689\"}, \"amount\": \"64100\", \"paymentid\": \"pay_FzmdojPjdcyNJf\"}, \"name\": \"RefundPayment\"}","response":"{\"id\": \"rfnd_FzmgZwfI7XkJnf\", \"notes\": [], \"amount\": 64100, \"entity\": \"refund\", \"status\": \"processed\", \"receipt\": null, \"batch_id\": null, \"currency\": \"INR\", \"created_at\": 1605080900, \"payment_id\": \"pay_FzmdojPjdcyNJf\", \"acquirer_data\": {\"arn\": null}, \"speed_processed\": \"normal\", \"speed_requested\": \"optimum\"}","vendorRefundId":"rfnd_FzmgZwfI7XkJnf","arn":null,"vendorRefundStatus":"REFUNDED"},"approver":"16398","instrumentNumber":null,"issuedOn":null,"payoutDate":"2020-11-11T07:48:20.912+0000","processInstanceId":"443a95e2-23f2-11eb-adfe-0a10d2210fba","payoutType":"FLFR","partialPayout":false,"amountPaid":641.00,"suspenseType":null,"payoutMode":"cc","fundAccountId":null,"payoutMethod":"PAYMENTGATEWAY"},{"id":102751,"businessId":"SURF1111200000102751","policyNumber":"ALI0QAP16039652","paymentId":"pay_FzmdojPjdcyNJf","amount":0.00,"reason":"Policy features Benefits are inadequate","requestedOn":"2020-11-11T00:00:00.000+0000","status":"REFUNDED","vendorRefund":{"vendorCode":"RAZORPAY","request":"{\"body\": {\"note\": {\"amount\": 1141, \"dueDate\": \"2020-11-21\", \"payoutId\": null, \"policyno\": \"ALI0QAP16039652\", \"aegonOrderid\": \"NBORALI0QAP1603965200327731\", \"policyStatus\": null, \"fundAccountId\": null, \"additionalInfo\": null, \"aegonTransactionid\": \"NBTR1111200000249689\"}, \"amount\": \"50000\", \"paymentid\": \"pay_FzmdojPjdcyNJf\"}, \"name\": \"RefundPayment\"}","response":"{\"id\": \"rfnd_FzmgbASg8XxpyE\", \"notes\": [], \"amount\": 50000, \"entity\": \"refund\", \"status\": \"processed\", \"receipt\": null, \"batch_id\": null, \"currency\": \"INR\", \"created_at\": 1605080901, \"payment_id\": \"pay_FzmdojPjdcyNJf\", \"acquirer_data\": {\"arn\": null}, \"speed_processed\": \"normal\", \"speed_requested\": \"optimum\"}","vendorRefundId":"rfnd_FzmgbASg8XxpyE","arn":null,"vendorRefundStatus":"REFUNDED"},"approver":"16398","instrumentNumber":null,"issuedOn":null,"payoutDate":"2020-11-11T07:48:21.992+0000","processInstanceId":"44922c61-23f2-11eb-adfe-0a10d2210fba","payoutType":"SU","partialPayout":false,"amountPaid":500.00,"suspenseType":null,"payoutMode":"cc","fundAccountId":null,"payoutMethod":"PAYMENTGATEWAY"}]</p> <p>array size is::2</p> <p>Payout type::: FLFR amount::: 641.0 amountPaid::: 641.0</p> <p>Actual Payout type::: SU amount::: 0.0 amountPaid::: 500.0</p>  </system-out>
  <testcase classname="Payout.PayoutAnkit" name="verifyPayoutforCancellPolicy" time="207.838">
    <failure message="expected [200] but found [400]" type="java.lang.AssertionError">
      <![CDATA[java.lang.AssertionError: expected [200] but found [400]
at org.testng.Assert.fail(Assert.java:99)
at org.testng.Assert.failNotEquals(Assert.java:1037)
at org.testng.Assert.assertEqualsImpl(Assert.java:140)
at org.testng.Assert.assertEquals(Assert.java:122)
at org.testng.Assert.assertEquals(Assert.java:907)
at org.testng.Assert.assertEquals(Assert.java:917)
at practice.utility.FreelookTest.getQuoteNullVoid(FreelookTest.java:203)
at practice.utility.InitiatePayment.CacellationPolicy(InitiatePayment.java:1103)
at Payout.PayoutAnkit.BeforeTest(PayoutAnkit.java:206)
at Payout.PayoutAnkit.verifyPayoutforCancellPolicy(PayoutAnkit.java:218)
at java.base/jdk.internal.reflect.NativeMethodAccessorImpl.invoke0(Native Method)
at java.base/jdk.internal.reflect.NativeMethodAccessorImpl.invoke(NativeMethodAccessorImpl.java:62)
at java.base/jdk.internal.reflect.DelegatingMethodAccessorImpl.invoke(DelegatingMethodAccessorImpl.java:43)
at java.base/java.lang.reflect.Method.invoke(Method.java:564)
at org.testng.internal.MethodInvocationHelper.invokeMethod(MethodInvocationHelper.java:132)
at org.testng.internal.TestInvoker.invokeMethod(TestInvoker.java:599)
at org.testng.internal.TestInvoker.invokeTestMethod(TestInvoker.java:174)
at org.testng.internal.MethodRunner.runInSequence(MethodRunner.java:46)
at org.testng.internal.TestInvoker$MethodInvocationAgent.invoke(TestInvoker.java:822)
at org.testng.internal.TestInvoker.invokeTestMethods(TestInvoker.java:147)
at org.testng.internal.TestMethodWorker.invokeTestMethods(TestMethodWorker.java:146)
at org.testng.internal.TestMethodWorker.run(TestMethodWorker.java:128)
at java.base/java.util.ArrayList.forEach(ArrayList.java:1511)
at org.testng.TestRunner.privateRun(TestRunner.java:764)
at org.testng.TestRunner.run(TestRunner.java:585)
at org.testng.SuiteRunner.runTest(SuiteRunner.java:384)
at org.testng.SuiteRunner.runSequentially(SuiteRunner.java:378)
at org.testng.SuiteRunner.privateRun(SuiteRunner.java:337)
at org.testng.SuiteRunner.run(SuiteRunner.java:286)
at org.testng.SuiteRunnerWorker.runSuite(SuiteRunnerWorker.java:53)
at org.testng.SuiteRunnerWorker.run(SuiteRunnerWorker.java:96)
at org.testng.TestNG.runSuitesSequentially(TestNG.java:1218)
at org.testng.TestNG.runSuitesLocally(TestNG.java:1140)
at org.testng.TestNG.runSuites(TestNG.java:1069)
at org.testng.TestNG.run(TestNG.java:1037)
at org.testng.remote.AbstractRemoteTestNG.run(AbstractRemoteTestNG.java:115)
at org.testng.remote.RemoteTestNG.initAndRun(RemoteTestNG.java:251)
at org.testng.remote.RemoteTestNG.main(RemoteTestNG.java:77)
]]>
    </failure>
  </testcase> <!-- verifyPayoutforCancellPolicy -->
  <system-out>
<p>
******** Test Scenario  :  Payout => For Cancelled Policy*********
</p> <p>Policy created using Mock API.</p> <p>Status     : 200</p> <p>Response   : {"code":"PROP100","desc":"Proposal Accepted","errorMessage":null}</p> <p>Policy No is:ALI0QAP19554436</p> <p>Get Quotation amount for NB.</p> <p>
***** To get installment Premium from getNBQuotation API method Started *****
</p> <p>Amount to pay : 591.0</p> <p>
 installment Premium Returned *****
</p> <p>Payment process initiated using initiate payment.</p> <p>status code   :200</p> <p>Initiate Payment response body	: {"payment":{"id":249688,"businessId":"NBTR1111200000249688","paymentDateTime":null,"amount":1091.0,"vendorPayment":{"vendorCode":"RAZORPAY","vendorOrderId":"order_FzmZDLwlnzLl42","paymentId":null},"status":"INITIATED","paymentMode":null,"receiptDocId":null,"pasUpdatedOn":null,"card":null,"cheque":null,"demandDraft":null,"fundTransfer":null,"micrNumber":null,"ifscCode":null,"bankName":null,"userId":"SYSTEM","branchName":null,"branchCode":null,"transactionId":null,"processInstanceId":null,"accountNumber":null,"paymentMethod":"PAYMENTGATEWAY"},"payer":{"id":239270,"name":"Test User","email":"ankitk@360logica.com","mobileNumber":"6660060198","policyNumber":"ALI0QAP19554436","vendorPayer":{"vendorCode":"RAZORPAY","payerId":"cust_EpvAB2ochO5IEb"},"status":null},"bill":{"id":327729,"policyNumber":"ALI0QAP19554436","dueDate":"2020-11-21","amount":1091.0,"type":"NB","status":"GENERATED","product":{"type":"Term","schemeCode":"ARMP0000111"},"businessId":"NBORALI0QAP1955443600327729","amountPayable":1091.0,"serviceRequestId":null},"receiptDocUrl":null,"anyTimeSiRegistered":false}</p> <p>Status Code						: 200</p> <p>Payment initiated.</p> <p>Get Mandate Status for Policy Number.</p> <p>Manadate done.</p> <p>[{"id":96972,"status":"Open","payer":{"id":239270,"name":"Test User","email":"ankitk@360logica.com","mobileNumber":"6660060198","policyNumber":"ALI0QAP19554436","vendorPayer":{"vendorCode":"RAZORPAY","payerId":"cust_EpvAB2ochO5IEb"},"status":null},"payment":{"id":249688,"businessId":"NBTR1111200000249688","paymentDateTime":null,"amount":1091.0,"vendorPayment":{"vendorCode":"RAZORPAY","vendorOrderId":"order_FzmZDLwlnzLl42","paymentId":null},"status":"INITIATED","paymentMode":null,"receiptDocId":null,"pasUpdatedOn":null,"card":null,"cheque":null,"demandDraft":null,"fundTransfer":null,"micrNumber":null,"ifscCode":null,"bankName":null,"userId":"SYSTEM","branchName":null,"branchCode":null,"transactionId":null,"processInstanceId":null,"accountNumber":null,"paymentMethod":"PAYMENTGATEWAY"},"contractNumber":"ALI0QAP19554436","vendorMandateId":null,"startDate":"2020-11-11","endDate":null,"type":"CCSI","subtype":null,"vendorCode":"RAZORPAY","deactivatedOn":null,"deactivationRefId":null,"card":null,"additionalInfo":null,"reason":null,"anytimeSi":false,"lastAutoDebitStatus":null,"businessId":null}]</p> <p>Policy Manadte status is : [Open]</p> <p>Make payment using Card payment option</p> <p>Selected Payment Type is Card.</p> <p>Verify Payment Info for New Business (NB).</p> <p>Final Payment done.</p> <p>response of payment info	: {"paymentModeDescription":"Card","vendorOrderId":"order_FzmZDLwlnzLl42","dueDate":"2020-11-21","businessId":"NBTR1111200000249688","policyNumber":"ALI0QAP19554436","ddDate":null,"bankName":null,"ddNumber":null,"chequeNumber":null,"createdOn":"2020-11-11","isMandateRegistered":true,"paymentType":"New Business","vendorCode":"RAZORPAY","ddType":null,"id":249688,"processInstanceId":null,"amount":1091.0,"paymentReceivedDate":"2020-11-11T07:42:15.000+0000","paymentMode":"cc","branchName":null,"receiptDocId":null,"chequeDate":null,"branchCode":null,"chequeType":null,"billBusinessId":"NBORALI0QAP1955443600327729","vendorTransactionId":"pay_Fzma9Ty9Fr6SGE","status":"SUCCESSFUL"}</p> <p>Manadte Registration is : true</p> <p>Payment Mode, Due Date and Amount values are	: Card || 2020-11-21 || 1091.0</p> <p>Get Mandate Status for Policy Number after payment done.</p> <p>Manadate done.</p> <p>[{"id":96972,"status":"Registered","payer":{"id":239270,"name":"Test User","email":"ankitk@360logica.com","mobileNumber":"6660060198","policyNumber":"ALI0QAP19554436","vendorPayer":{"vendorCode":"RAZORPAY","payerId":"cust_EpvAB2ochO5IEb"},"status":null},"payment":{"id":249688,"businessId":"NBTR1111200000249688","paymentDateTime":"2020-11-11T07:42:15.000+0000","amount":1091.0,"vendorPayment":{"vendorCode":"RAZORPAY","vendorOrderId":"order_FzmZDLwlnzLl42","paymentId":"pay_Fzma9Ty9Fr6SGE"},"status":"SUCCESSFUL","paymentMode":"cc","receiptDocId":null,"pasUpdatedOn":null,"card":{"name":"Aditi Patel","emi":false,"entity":"card","last4":"5558","international":true,"cardType":"credit","cardId":"card_EqBFnTIROnox5g","network":"MasterCard"},"cheque":null,"demandDraft":null,"fundTransfer":null,"micrNumber":null,"ifscCode":null,"bankName":null,"userId":"SYSTEM","branchName":null,"branchCode":null,"transactionId":null,"processInstanceId":"705c9c1a-23f1-11eb-adfe-0a10d2210fba","accountNumber":null,"paymentMethod":"PAYMENTGATEWAY"},"contractNumber":"ALI0QAP19554436","vendorMandateId":"token_EsAoYEDhOwFoXr","startDate":"2020-11-11","endDate":null,"type":"CCSI","subtype":null,"vendorCode":"RAZORPAY","deactivatedOn":null,"deactivationRefId":null,"card":{"name":"Aditi Patel","emi":false,"entity":"card","last4":"5558","international":true,"cardType":"credit","cardId":"card_EqBFnTIROnox5g","network":"MasterCard"},"additionalInfo":null,"reason":null,"anytimeSi":false,"lastAutoDebitStatus":null,"businessId":null}]</p> <p>Policy Manadte status is : [Registered]</p> <p>Get All Suspences Entry.</p> <p>Suspense done.</p> <p>[{"policyNumber":"ALI0QAP19554436","amount":0.00,"suspenseType":"NB"},{"policyNumber":"ALI0QAP19554436","amount":500.00,"suspenseType":"RENEWAL"},{"policyNumber":"ALI0QAP19554436","amount":0,"suspenseType":"PAYOUT"},{"policyNumber":"ALI0QAP19554436","amount":0,"suspenseType":"REINSTATEMENT"},{"policyNumber":"ALI0QAP19554436","amount":0,"suspenseType":"AR"}]</p> <p>Suspense Status : 0.0 || 500.0 || 0.0 || 0.0 || 0</p> <p>Verify Policy is in 'INFORCE' Status for Standard decision=>ALI0QAP19554436</p> <p>GET -> Policy Number : The status code is: 200</p> <p>Policy status : INFORCE</p> <p>Generate Token</p> <p>Cancel Policy</p>  </system-out>
  <testcase classname="Payout.PayoutAnkit" name="verify_PayoutEventsForCancellation" time="0.000">
    <skipped/>
  </testcase> <!-- verify_PayoutEventsForCancellation -->
  <system-out/>
</testsuite> <!-- Payout.PayoutAnkit -->
