<?xml version="1.0" encoding="UTF-8"?>
<!-- Generated by org.testng.reporters.JUnitReportReporter -->
<testsuite hostname="360NDCLP153" failures="1" tests="2" name="StandardPayinPolicies.PosPolicies" time="449.549" errors="0" timestamp="2020-12-07T19:31:31 IST" skipped="1">
  <testcase classname="StandardPayinPolicies.PosPolicies" name="NewBusinessPolicyForPOStypeUsingRazorPay" time="449.549">
    <failure message="The following asserts failed:
	expected [0.0] but found [5000.0]" type="java.lang.AssertionError">
      <![CDATA[java.lang.AssertionError: The following asserts failed:
expected [0.0] but found [5000.0]
at org.testng.asserts.SoftAssert.assertAll(SoftAssert.java:47)
at org.testng.asserts.SoftAssert.assertAll(SoftAssert.java:31)
at practice.utility.InitiatePayment.getSuspenseEntryForPayment(InitiatePayment.java:934)
at StandardPayinPolicies.PosPolicies.NewBusinessPolicyForPOStypeUsingRazorPay(PosPolicies.java:96)
at java.base/jdk.internal.reflect.NativeMethodAccessorImpl.invoke0(Native Method)
at java.base/jdk.internal.reflect.NativeMethodAccessorImpl.invoke(NativeMethodAccessorImpl.java:62)
at java.base/jdk.internal.reflect.DelegatingMethodAccessorImpl.invoke(DelegatingMethodAccessorImpl.java:43)
at java.base/java.lang.reflect.Method.invoke(Method.java:564)
at org.testng.internal.MethodInvocationHelper.invokeMethod(MethodInvocationHelper.java:132)
at org.testng.internal.TestInvoker.invokeMethod(TestInvoker.java:599)
at org.testng.internal.TestInvoker.invokeTestMethod(TestInvoker.java:174)
at org.testng.internal.MethodRunner.runInSequence(MethodRunner.java:46)
at org.testng.internal.TestInvoker$MethodInvocationAgent.invoke(TestInvoker.java:822)
at org.testng.internal.TestInvoker.invokeTestMethods(TestInvoker.java:147)
at org.testng.internal.TestMethodWorker.invokeTestMethods(TestMethodWorker.java:146)
at org.testng.internal.TestMethodWorker.run(TestMethodWorker.java:128)
at java.base/java.util.ArrayList.forEach(ArrayList.java:1511)
at org.testng.TestRunner.privateRun(TestRunner.java:764)
at org.testng.TestRunner.run(TestRunner.java:585)
at org.testng.SuiteRunner.runTest(SuiteRunner.java:384)
at org.testng.SuiteRunner.runSequentially(SuiteRunner.java:378)
at org.testng.SuiteRunner.privateRun(SuiteRunner.java:337)
at org.testng.SuiteRunner.run(SuiteRunner.java:286)
at org.testng.SuiteRunnerWorker.runSuite(SuiteRunnerWorker.java:53)
at org.testng.SuiteRunnerWorker.run(SuiteRunnerWorker.java:96)
at org.testng.TestNG.runSuitesSequentially(TestNG.java:1218)
at org.testng.TestNG.runSuitesLocally(TestNG.java:1140)
at org.testng.TestNG.runSuites(TestNG.java:1069)
at org.testng.TestNG.run(TestNG.java:1037)
at org.testng.remote.AbstractRemoteTestNG.run(AbstractRemoteTestNG.java:115)
at org.testng.remote.RemoteTestNG.initAndRun(RemoteTestNG.java:251)
at org.testng.remote.RemoteTestNG.main(RemoteTestNG.java:77)
]]>
    </failure>
  </testcase> <!-- NewBusinessPolicyForPOStypeUsingRazorPay -->
  <system-out>
<p>Status     : 400</p> <p>Response   : {"date":"2020-12-07T13:51:16.923+0000","messages":["Validation Failed for field : policyInfo.policyNumber.  Value Passed in request :  [[ 'ALI0QAPOS19127091' ]] . Policy number should be of length 15"],"code":"PROP0001","traceId":"10238cd8-1790-4d67-b878-424a571d8f7f","retryable":false}</p> <p>*********************Get Policy Payment amt for NB.**********************************</p> <p>
***** To get installment Premium from getNBQuotation API method Started *****
</p> <p>
 installment Premium Returned *****
</p> <p>*********************Payment initiate.**********************************</p> <p>status code   :200</p> <p>Initiate Payment response body	: {"payment":{"id":259369,"businessId":"NBTR0712200000259369","paymentDateTime":null,"amount":5000.0,"vendorPayment":{"vendorCode":"RAZORPAY","vendorOrderId":"order_GAAoX7D5YEMu2G","paymentId":null},"status":"INITIATED","paymentMode":null,"receiptDocId":null,"pasUpdatedOn":null,"card":null,"cheque":null,"demandDraft":null,"fundTransfer":null,"micrNumber":null,"ifscCode":null,"bankName":null,"userId":"SYSTEM","branchName":null,"branchCode":null,"transactionId":null,"processInstanceId":null,"accountNumber":null,"paymentMethod":"PAYMENTGATEWAY"},"payer":{"id":249984,"name":"Test User","email":"ankitk@360logica.com","mobileNumber":"6660060198","policyNumber":"ALI0QAPOS19127091","vendorPayer":{"vendorCode":"RAZORPAY","payerId":"cust_EpvAB2ochO5IEb"},"status":null},"bill":{"id":345366,"policyNumber":"ALI0QAPOS19127091","dueDate":"2020-12-17","amount":5000.0,"type":"NB","status":"GENERATED","product":{"type":"Term","schemeCode":"ARMP0000111"},"businessId":"NBORALI0QAPOS1912709100345366","amountPayable":5000.0,"serviceRequestId":null,"createdOn":"2020-12-07"},"receiptDocUrl":null,"anyTimeSiRegistered":false}</p> <p>Status Code						: 200</p> <p>Payment initiated.</p> <p>*********Get Mandate Status for Policy Number.*******************</p> <p>Manadate done.</p> <p>[{"id":103558,"status":"Open","payer":{"id":249984,"name":"Test User","email":"ankitk@360logica.com","mobileNumber":"6660060198","policyNumber":"ALI0QAPOS19127091","vendorPayer":{"vendorCode":"RAZORPAY","payerId":"cust_EpvAB2ochO5IEb"},"status":null},"payment":{"id":259369,"businessId":"NBTR0712200000259369","paymentDateTime":null,"amount":5000.0,"vendorPayment":{"vendorCode":"RAZORPAY","vendorOrderId":"order_GAAoX7D5YEMu2G","paymentId":null},"status":"INITIATED","paymentMode":null,"receiptDocId":null,"pasUpdatedOn":null,"card":null,"cheque":null,"demandDraft":null,"fundTransfer":null,"micrNumber":null,"ifscCode":null,"bankName":null,"userId":"SYSTEM","branchName":null,"branchCode":null,"transactionId":null,"processInstanceId":null,"accountNumber":null,"paymentMethod":"PAYMENTGATEWAY"},"contractNumber":"ALI0QAPOS19127091","vendorMandateId":null,"startDate":"2020-12-07","endDate":null,"type":"CCSI","subtype":null,"vendorCode":"RAZORPAY","deactivatedOn":null,"deactivationRefId":null,"card":null,"additionalInfo":null,"reason":null,"anytimeSi":false,"lastAutoDebitStatus":null,"businessId":null,"deactivatedBy":null}]</p> <p>Policy Manadte status is : [Open]</p> <p>*********************Payment checkout for New Business (NB).**********************************</p> <p>Selected Payment Type is Card.</p> <p>*********************Verify Payment Info for New Business (NB).**********************************</p> <p>Final Payment done.</p> <p>response of payment info	: {"paymentModeDescription":"Card","vendorOrderId":"order_GAAoX7D5YEMu2G","dueDate":"2020-12-17","businessId":"NBTR0712200000259369","policyNumber":"ALI0QAPOS19127091","ddDate":null,"bankName":null,"ddNumber":null,"chequeNumber":null,"createdOn":"2020-12-07","isMandateRegistered":true,"paymentType":"New Business","vendorCode":"RAZORPAY","ddType":null,"id":259369,"processInstanceId":null,"amount":5000.0,"paymentReceivedDate":"2020-12-07T13:55:27.000+0000","paymentMode":"cc","branchName":null,"receiptDocId":null,"chequeDate":null,"branchCode":null,"chequeType":null,"billBusinessId":"NBORALI0QAPOS1912709100345366","vendorTransactionId":"pay_GAApV9VbxTdaUQ","status":"SUCCESSFUL"}</p> <p>Manadte Registration is : true</p> <p>Payment Mode, Due Date and Amount values are	: Card || 2020-12-17 || 5000.0</p> <p>*********Get Mandate Status for Policy Number after payment done.*******************</p> <p>Manadate done.</p> <p>[{"id":103558,"status":"Registered","payer":{"id":249984,"name":"Test User","email":"ankitk@360logica.com","mobileNumber":"6660060198","policyNumber":"ALI0QAPOS19127091","vendorPayer":{"vendorCode":"RAZORPAY","payerId":"cust_EpvAB2ochO5IEb"},"status":null},"payment":{"id":259369,"businessId":"NBTR0712200000259369","paymentDateTime":"2020-12-07T13:55:27.000+0000","amount":5000.0,"vendorPayment":{"vendorCode":"RAZORPAY","vendorOrderId":"order_GAAoX7D5YEMu2G","paymentId":"pay_GAApV9VbxTdaUQ"},"status":"SUCCESSFUL","paymentMode":"cc","receiptDocId":null,"pasUpdatedOn":null,"card":{"name":"Aditi Patel","emi":false,"entity":"card","last4":"5558","international":true,"cardType":"credit","cardId":"card_EqBFnTIROnox5g","network":"MasterCard"},"cheque":null,"demandDraft":null,"fundTransfer":null,"micrNumber":null,"ifscCode":null,"bankName":null,"userId":"SYSTEM","branchName":null,"branchCode":null,"transactionId":null,"processInstanceId":"e13755e4-3893-11eb-a936-0a10d2210fba","accountNumber":null,"paymentMethod":"PAYMENTGATEWAY"},"contractNumber":"ALI0QAPOS19127091","vendorMandateId":"token_EsAoYEDhOwFoXr","startDate":"2020-12-07","endDate":null,"type":"CCSI","subtype":null,"vendorCode":"RAZORPAY","deactivatedOn":null,"deactivationRefId":null,"card":{"name":"Aditi Patel","emi":false,"entity":"card","last4":"5558","international":true,"cardType":"credit","cardId":"card_EqBFnTIROnox5g","network":"MasterCard"},"additionalInfo":null,"reason":null,"anytimeSi":false,"lastAutoDebitStatus":null,"businessId":null,"deactivatedBy":null}]</p> <p>Policy Manadte status is : [Registered]</p> <p>verify Policy is in 'INFORCE' Status for Standard decision=>ALI0QAPOS19127091</p> <p>***********Check Suspense entry for NB type.************</p> <p>Suspense done.</p> <p>[{"policyNumber":"ALI0QAPOS19127091","amount":5000.00,"suspenseType":"NB"},{"policyNumber":"ALI0QAPOS19127091","amount":0,"suspenseType":"RENEWAL"},{"policyNumber":"ALI0QAPOS19127091","amount":0,"suspenseType":"PAYOUT"},{"policyNumber":"ALI0QAPOS19127091","amount":0,"suspenseType":"REINSTATEMENT"},{"policyNumber":"ALI0QAPOS19127091","amount":0,"suspenseType":"AR"}]</p> <p>Suspense Status : 5000.0 || 0.0 || 0.0 || 0.0 || 0</p> <p>Suspense done.</p> <p>[{"policyNumber":"ALI0QAPOS19127091","amount":5000.00,"suspenseType":"NB"}]</p>  </system-out>
  <testcase classname="StandardPayinPolicies.PosPolicies" name="SurrenderPolicyForPOStypeUsingRazorPay">
    <skipped/>
  </testcase> <!-- SurrenderPolicyForPOStypeUsingRazorPay -->
  <system-out/>
</testsuite> <!-- StandardPayinPolicies.PosPolicies -->
