<?xml version="1.0" encoding="UTF-8"?>
<!-- Generated by org.testng.reporters.JUnitReportReporter -->
<testsuite hostname="360NDCLP153" failures="1" tests="6" name="Payout.PayoutPolicy" time="1439.956" errors="0" timestamp="2020-11-09T16:47:45 IST" skipped="0">
  <testcase classname="Payout.PayoutPolicy" name="PolicyTest" time="306.371">
    <failure message="The following asserts failed:
	expected [INFORCE] but found [DRAFT_POLICY]" type="java.lang.AssertionError">
      <![CDATA[java.lang.AssertionError: The following asserts failed:
expected [INFORCE] but found [DRAFT_POLICY]
at org.testng.asserts.SoftAssert.assertAll(SoftAssert.java:47)
at org.testng.asserts.SoftAssert.assertAll(SoftAssert.java:31)
at practice.testbase.IssuanceQueue.verifyStatus(IssuanceQueue.java:559)
at Payout.PayoutPolicy.PolicyTest(PayoutPolicy.java:130)
at java.base/jdk.internal.reflect.NativeMethodAccessorImpl.invoke0(Native Method)
at java.base/jdk.internal.reflect.NativeMethodAccessorImpl.invoke(NativeMethodAccessorImpl.java:62)
at java.base/jdk.internal.reflect.DelegatingMethodAccessorImpl.invoke(DelegatingMethodAccessorImpl.java:43)
at java.base/java.lang.reflect.Method.invoke(Method.java:564)
at org.testng.internal.MethodInvocationHelper.invokeMethod(MethodInvocationHelper.java:132)
at org.testng.internal.TestInvoker.invokeMethod(TestInvoker.java:599)
at org.testng.internal.TestInvoker.invokeTestMethod(TestInvoker.java:174)
at org.testng.internal.MethodRunner.runInSequence(MethodRunner.java:46)
at org.testng.internal.TestInvoker$MethodInvocationAgent.invoke(TestInvoker.java:822)
at org.testng.internal.TestInvoker.invokeTestMethods(TestInvoker.java:147)
at org.testng.internal.TestMethodWorker.invokeTestMethods(TestMethodWorker.java:146)
at org.testng.internal.TestMethodWorker.run(TestMethodWorker.java:128)
at java.base/java.util.ArrayList.forEach(ArrayList.java:1511)
at org.testng.TestRunner.privateRun(TestRunner.java:764)
at org.testng.TestRunner.run(TestRunner.java:585)
at org.testng.SuiteRunner.runTest(SuiteRunner.java:384)
at org.testng.SuiteRunner.runSequentially(SuiteRunner.java:378)
at org.testng.SuiteRunner.privateRun(SuiteRunner.java:337)
at org.testng.SuiteRunner.run(SuiteRunner.java:286)
at org.testng.SuiteRunnerWorker.runSuite(SuiteRunnerWorker.java:53)
at org.testng.SuiteRunnerWorker.run(SuiteRunnerWorker.java:96)
at org.testng.TestNG.runSuitesSequentially(TestNG.java:1218)
at org.testng.TestNG.runSuitesLocally(TestNG.java:1140)
at org.testng.TestNG.runSuites(TestNG.java:1069)
at org.testng.TestNG.run(TestNG.java:1037)
at org.testng.remote.AbstractRemoteTestNG.run(AbstractRemoteTestNG.java:115)
at org.testng.remote.RemoteTestNG.initAndRun(RemoteTestNG.java:251)
at org.testng.remote.RemoteTestNG.main(RemoteTestNG.java:77)
]]>
    </failure>
  </testcase> <!-- PolicyTest -->
  <system-out>
<p>*******************Policy created using Mock API.***********************</p> <p>Status     : 200</p> <p>Response   : {"code":"PROP100","desc":"Proposal Accepted","errorMessage":null}</p> <p>Policy No:ALI0QAP15579787</p> <p>*********************Get Quote for NB.**********************************</p> <p>
***** To get installment Premium from getNBQuotation API method Started *****
</p> <p>
 installment Premium Returned *****
</p> <p>*********************Payment initiate.**********************************</p> <p>status code   :200</p> <p>Initiate Payment response body	: {"payment":{"id":248793,"businessId":"NBTR0911200000248793","paymentDateTime":null,"amount":100.0,"vendorPayment":{"vendorCode":"RAZORPAY","vendorOrderId":"order_Fz33Cf22Fh9SJI","paymentId":null},"status":"INITIATED","paymentMode":null,"receiptDocId":null,"pasUpdatedOn":null,"card":null,"cheque":null,"demandDraft":null,"fundTransfer":null,"micrNumber":null,"ifscCode":null,"bankName":null,"userId":"SYSTEM","branchName":null,"branchCode":null,"transactionId":null,"processInstanceId":null,"accountNumber":null,"paymentMethod":"PAYMENTGATEWAY"},"payer":{"id":237260,"name":"Test User","email":"ankitk@360logica.com","mobileNumber":"6660060198","policyNumber":"ALI0QAP15579787","vendorPayer":{"vendorCode":"RAZORPAY","payerId":"cust_EpvAB2ochO5IEb"},"status":null},"bill":{"id":326323,"policyNumber":"ALI0QAP15579787","dueDate":"2020-11-19","amount":100.0,"type":"NB","status":"GENERATED","product":{"type":"Term","schemeCode":"ARMP0000111"},"businessId":"NBORALI0QAP1557978700326323","amountPayable":0,"serviceRequestId":null},"receiptDocUrl":null,"anyTimeSiRegistered":false}</p> <p>Status Code						: 200</p> <p>Payment initiated.</p> <p>
 Customer Id=>cust_EpvAB2ochO5IEb
 Policy Number =>ALI0QAP15579787
 Transactiond=>NBTR0911200000248793
 Order Id =>order_Fz33Cf22Fh9SJI</p> <p>*********Get Mandate Status for Policy Number.***********</p> <p>Manadate done.</p> <p>[{"id":96333,"status":"Open","payer":{"id":237260,"name":"Test User","email":"ankitk@360logica.com","mobileNumber":"6660060198","policyNumber":"ALI0QAP15579787","vendorPayer":{"vendorCode":"RAZORPAY","payerId":"cust_EpvAB2ochO5IEb"},"status":null},"payment":{"id":248793,"businessId":"NBTR0911200000248793","paymentDateTime":null,"amount":100.0,"vendorPayment":{"vendorCode":"RAZORPAY","vendorOrderId":"order_Fz33Cf22Fh9SJI","paymentId":null},"status":"INITIATED","paymentMode":null,"receiptDocId":null,"pasUpdatedOn":null,"card":null,"cheque":null,"demandDraft":null,"fundTransfer":null,"micrNumber":null,"ifscCode":null,"bankName":null,"userId":"SYSTEM","branchName":null,"branchCode":null,"transactionId":null,"processInstanceId":null,"accountNumber":null,"paymentMethod":"PAYMENTGATEWAY"},"contractNumber":"ALI0QAP15579787","vendorMandateId":null,"startDate":"2020-11-09","endDate":null,"type":"CCSI","subtype":null,"vendorCode":"RAZORPAY","deactivatedOn":null,"deactivationRefId":null,"card":null,"additionalInfo":null,"reason":null,"anytimeSi":false,"lastAutoDebitStatus":null,"businessId":null}]</p> <p>Policy Manadte status is : [Open]</p> <p>*********Make payment for NB.***********</p> <p>Selected Payment Type is Card.</p> <p>*********************Verify Payment Info for New Business (NB).**********************************</p> <p>Final Payment done.</p> <p>response of payment info	: {"paymentModeDescription":"Card","vendorOrderId":"order_Fz33Cf22Fh9SJI","dueDate":"2020-11-19","businessId":"NBTR0911200000248793","policyNumber":"ALI0QAP15579787","ddDate":null,"bankName":null,"ddNumber":null,"chequeNumber":null,"createdOn":"2020-11-09","isMandateRegistered":true,"paymentType":"New Business","vendorCode":"RAZORPAY","ddType":null,"id":248793,"processInstanceId":null,"amount":100.0,"paymentReceivedDate":"2020-11-09T11:10:43.000+0000","paymentMode":"cc","branchName":null,"receiptDocId":null,"chequeDate":null,"branchCode":null,"chequeType":null,"billBusinessId":"NBORALI0QAP1557978700326323","vendorTransactionId":"pay_Fz347Wt1vE5b8h","status":"SUCCESSFUL"}</p> <p>Manadte Registration is : true</p> <p>Payment Mode, Due Date and Amount values are	: Card || 2020-11-19 || 100.0</p> <p>*********Get Mandate Status for Policy Number after payment done.***********</p> <p>Manadate done.</p> <p>[{"id":96333,"status":"Registered","payer":{"id":237260,"name":"Test User","email":"ankitk@360logica.com","mobileNumber":"6660060198","policyNumber":"ALI0QAP15579787","vendorPayer":{"vendorCode":"RAZORPAY","payerId":"cust_EpvAB2ochO5IEb"},"status":null},"payment":{"id":248793,"businessId":"NBTR0911200000248793","paymentDateTime":"2020-11-09T11:10:43.000+0000","amount":100.0,"vendorPayment":{"vendorCode":"RAZORPAY","vendorOrderId":"order_Fz33Cf22Fh9SJI","paymentId":"pay_Fz347Wt1vE5b8h"},"status":"SUCCESSFUL","paymentMode":"cc","receiptDocId":null,"pasUpdatedOn":null,"card":{"name":"Aditi Patel","emi":false,"entity":"card","last4":"5558","international":true,"cardType":"credit","cardId":"card_EqBFnTIROnox5g","network":"MasterCard"},"cheque":null,"demandDraft":null,"fundTransfer":null,"micrNumber":null,"ifscCode":null,"bankName":null,"userId":"SYSTEM","branchName":null,"branchCode":null,"transactionId":null,"processInstanceId":"3a5c7921-227c-11eb-8b40-0a10d2210fba","accountNumber":null,"paymentMethod":"PAYMENTGATEWAY"},"contractNumber":"ALI0QAP15579787","vendorMandateId":"token_EsAoYEDhOwFoXr","startDate":"2020-11-09","endDate":null,"type":"CCSI","subtype":null,"vendorCode":"RAZORPAY","deactivatedOn":null,"deactivationRefId":null,"card":{"name":"Aditi Patel","emi":false,"entity":"card","last4":"5558","international":true,"cardType":"credit","cardId":"card_EqBFnTIROnox5g","network":"MasterCard"},"additionalInfo":null,"reason":null,"anytimeSi":false,"lastAutoDebitStatus":null,"businessId":null}]</p> <p>Policy Manadte status is : [Registered]</p> <p>*********Get Suspence Entry.**********</p> <p>Suspense done.</p> <p>[{"policyNumber":"ALI0QAP15579787","amount":100.00,"suspenseType":"NB"},{"policyNumber":"ALI0QAP15579787","amount":0,"suspenseType":"RENEWAL"},{"policyNumber":"ALI0QAP15579787","amount":0,"suspenseType":"PAYOUT"},{"policyNumber":"ALI0QAP15579787","amount":0,"suspenseType":"REINSTATEMENT"},{"policyNumber":"ALI0QAP15579787","amount":0,"suspenseType":"AR"}]</p> <p>Suspense Status : 100.0 || 100.0 || 0.0 || 0.0 || 0</p> <p>Verify Policy is in 'INFORCE' Status for Standard decision=>ALI0QAP15579787</p> <p>GET -> Policy Number : The status code is: 200</p> <p>Policy status : DRAFT_POLICY</p>  </system-out>
  <testcase classname="Payout.PayoutPolicy" name="PolicyTest" time="221.112"/>
  <system-out>
<p>*******************Policy created using Mock API.***********************</p> <p>Status     : 200</p> <p>Response   : {"code":"PROP100","desc":"Proposal Accepted","errorMessage":null}</p> <p>Policy No:ALI0QAP12535568</p> <p>*********************Get Quote for NB.**********************************</p> <p>
***** To get installment Premium from getNBQuotation API method Started *****
</p> <p>Amount to pay : 526.0</p> <p>
 installment Premium Returned *****
</p> <p>*********************Payment initiate.**********************************</p> <p>status code   :200</p> <p>Initiate Payment response body	: {"payment":{"id":248784,"businessId":"NBTR0911200000248784","paymentDateTime":null,"amount":626.0,"vendorPayment":{"vendorCode":"RAZORPAY","vendorOrderId":"order_Fz2og989I1gzyE","paymentId":null},"status":"INITIATED","paymentMode":null,"receiptDocId":null,"pasUpdatedOn":null,"card":null,"cheque":null,"demandDraft":null,"fundTransfer":null,"micrNumber":null,"ifscCode":null,"bankName":null,"userId":"SYSTEM","branchName":null,"branchCode":null,"transactionId":null,"processInstanceId":null,"accountNumber":null,"paymentMethod":"PAYMENTGATEWAY"},"payer":{"id":237253,"name":"Test User","email":"ankitk@360logica.com","mobileNumber":"6660060198","policyNumber":"ALI0QAP12535568","vendorPayer":{"vendorCode":"RAZORPAY","payerId":"cust_EpvAB2ochO5IEb"},"status":null},"bill":{"id":326313,"policyNumber":"ALI0QAP12535568","dueDate":"2020-11-19","amount":626.0,"type":"NB","status":"GENERATED","product":{"type":"Term","schemeCode":"ARMP0000111"},"businessId":"NBORALI0QAP1253556800326313","amountPayable":0,"serviceRequestId":null},"receiptDocUrl":null,"anyTimeSiRegistered":false}</p> <p>Status Code						: 200</p> <p>Payment initiated.</p> <p>
 Customer Id=>cust_EpvAB2ochO5IEb
 Policy Number =>ALI0QAP12535568
 Transactiond=>NBTR0911200000248784
 Order Id =>order_Fz2og989I1gzyE</p> <p>*********Get Mandate Status for Policy Number.***********</p> <p>Manadate done.</p> <p>[{"id":96326,"status":"Open","payer":{"id":237253,"name":"Test User","email":"ankitk@360logica.com","mobileNumber":"6660060198","policyNumber":"ALI0QAP12535568","vendorPayer":{"vendorCode":"RAZORPAY","payerId":"cust_EpvAB2ochO5IEb"},"status":null},"payment":{"id":248784,"businessId":"NBTR0911200000248784","paymentDateTime":null,"amount":626.0,"vendorPayment":{"vendorCode":"RAZORPAY","vendorOrderId":"order_Fz2og989I1gzyE","paymentId":null},"status":"INITIATED","paymentMode":null,"receiptDocId":null,"pasUpdatedOn":null,"card":null,"cheque":null,"demandDraft":null,"fundTransfer":null,"micrNumber":null,"ifscCode":null,"bankName":null,"userId":"SYSTEM","branchName":null,"branchCode":null,"transactionId":null,"processInstanceId":null,"accountNumber":null,"paymentMethod":"PAYMENTGATEWAY"},"contractNumber":"ALI0QAP12535568","vendorMandateId":null,"startDate":"2020-11-09","endDate":null,"type":"CCSI","subtype":null,"vendorCode":"RAZORPAY","deactivatedOn":null,"deactivationRefId":null,"card":null,"additionalInfo":null,"reason":null,"anytimeSi":false,"lastAutoDebitStatus":null,"businessId":null}]</p> <p>Policy Manadte status is : [Open]</p> <p>*********Make payment for NB.***********</p> <p>Selected Payment Type is Card.</p> <p>*********************Verify Payment Info for New Business (NB).**********************************</p> <p>Final Payment done.</p> <p>response of payment info	: {"paymentModeDescription":"Card","vendorOrderId":"order_Fz2og989I1gzyE","dueDate":"2020-11-19","businessId":"NBTR0911200000248784","policyNumber":"ALI0QAP12535568","ddDate":null,"bankName":null,"ddNumber":null,"chequeNumber":null,"createdOn":"2020-11-09","isMandateRegistered":true,"paymentType":"New Business","vendorCode":"RAZORPAY","ddType":null,"id":248784,"processInstanceId":null,"amount":626.0,"paymentReceivedDate":"2020-11-09T10:56:59.000+0000","paymentMode":"cc","branchName":null,"receiptDocId":null,"chequeDate":null,"branchCode":null,"chequeType":null,"billBusinessId":"NBORALI0QAP1253556800326313","vendorTransactionId":"pay_Fz2pbLm9UTiLRa","status":"SUCCESSFUL"}</p> <p>Manadte Registration is : true</p> <p>Payment Mode, Due Date and Amount values are	: Card || 2020-11-19 || 626.0</p> <p>*********Get Mandate Status for Policy Number after payment done.***********</p> <p>Manadate done.</p> <p>[{"id":96326,"status":"Registered","payer":{"id":237253,"name":"Test User","email":"ankitk@360logica.com","mobileNumber":"6660060198","policyNumber":"ALI0QAP12535568","vendorPayer":{"vendorCode":"RAZORPAY","payerId":"cust_EpvAB2ochO5IEb"},"status":null},"payment":{"id":248784,"businessId":"NBTR0911200000248784","paymentDateTime":"2020-11-09T10:56:59.000+0000","amount":626.0,"vendorPayment":{"vendorCode":"RAZORPAY","vendorOrderId":"order_Fz2og989I1gzyE","paymentId":"pay_Fz2pbLm9UTiLRa"},"status":"SUCCESSFUL","paymentMode":"cc","receiptDocId":null,"pasUpdatedOn":null,"card":{"name":"Aditi Patel","emi":false,"entity":"card","last4":"5558","international":true,"cardType":"credit","cardId":"card_EqBFnTIROnox5g","network":"MasterCard"},"cheque":null,"demandDraft":null,"fundTransfer":null,"micrNumber":null,"ifscCode":null,"bankName":null,"userId":"SYSTEM","branchName":null,"branchCode":null,"transactionId":null,"processInstanceId":"4efc639d-227a-11eb-8b40-0a10d2210fba","accountNumber":null,"paymentMethod":"PAYMENTGATEWAY"},"contractNumber":"ALI0QAP12535568","vendorMandateId":"token_EsAoYEDhOwFoXr","startDate":"2020-11-09","endDate":null,"type":"CCSI","subtype":null,"vendorCode":"RAZORPAY","deactivatedOn":null,"deactivationRefId":null,"card":{"name":"Aditi Patel","emi":false,"entity":"card","last4":"5558","international":true,"cardType":"credit","cardId":"card_EqBFnTIROnox5g","network":"MasterCard"},"additionalInfo":null,"reason":null,"anytimeSi":false,"lastAutoDebitStatus":null,"businessId":null}]</p> <p>Policy Manadte status is : [Registered]</p> <p>*********Get Suspence Entry.**********</p> <p>Suspense done.</p> <p>[{"policyNumber":"ALI0QAP12535568","amount":0.00,"suspenseType":"NB"},{"policyNumber":"ALI0QAP12535568","amount":100.00,"suspenseType":"RENEWAL"},{"policyNumber":"ALI0QAP12535568","amount":0,"suspenseType":"PAYOUT"},{"policyNumber":"ALI0QAP12535568","amount":0,"suspenseType":"REINSTATEMENT"},{"policyNumber":"ALI0QAP12535568","amount":0,"suspenseType":"AR"}]</p> <p>Suspense Status : 0.0 || 100.0 || 0.0 || 0.0 || 0</p> <p>Verify Policy is in 'INFORCE' Status for Standard decision=>ALI0QAP12535568</p> <p>GET -> Policy Number : The status code is: 200</p> <p>Policy status : INFORCE</p> <p>***********Save Policy Number in Config file.************</p> <p>Saved Policy Number is   : ALI0QAP12535568</p> <p>*********************Generate Token******************************</p> <p>********************* Freelook Cancellation******************************</p> <p>Response Body of FREELOOK Quote=>{"policyNumber":"ALI0QAP12535568","type":"FREELOOK","status":"ACTIVE","quotationInfo":{"totalRefundAmount":100.00,"totalRefundWithoutSuspense":0.00,"totalProratedIgst":9.48,"totalProratedCgst":0.00,"totalProratedSgst":0.00,"totalProratedUgst":0.00,"totalStampDuty":3000.00,"totalProratedMortality":52.67,"medicalFee":10.00,"totalPremium":526.00,"totalSuspenseAmount":100.00,"totalFreelookCharges":3072.15,"coverages":[{"productCode":"ARMP0000111","refundAmount":-2536.15,"stampDutyAmount":3000.00,"proratedMortality":52.67,"proratedIgst":9.48,"proratedUgst":0.00,"proratedSgst":0.00,"proratedCgst":0.00,"cgstTaxRate":0.00,"sgstTaxRate":0.00,"ugstTaxRate":0.00,"igstTaxRate":18.00}],"totalProratedExtraPremium":0.00,"totalRefundWithoutRoundOff":100.00,"waivedOffCharges":2546.15},"pmsRawResponse":"{\"result\":1,\"messages\":null,\"exceptions\":null,\"clientRequestTime\":\"2020-11-09T16:28:45.364+0530\",\"policyNumber\":\"ALI0QAP12535568\",\"serviceId\":0,\"submissionDate\":\"2020-11-09T16:28:45.439+0530\",\"effectiveDate\":\"2020-11-09T05:30:00.000+0530\",\"itemResult\":{\"adminFee\":null,\"totalGrossPremium\":null,\"totalExtraPremium\":null,\"suspense\":0.00,\"advancePremium\":0.00,\"medicalFee\":0.00,\"totalRefundAmount\":0.00,\"totalProratediGst\":9.48,\"totalProrateduGst\":0.00,\"totalProratedsGst\":0.00,\"totalProratedcGst\":0.00,\"details\":[{\"productCode\":\"ARMP0000111\",\"refundAmount\":-2536.15,\"stampDutyAmount\":3000.00,\"proratedRiskPremium\":52.67,\"proratediGst\":9.48,\"prorateduGst\":0.00,\"proratedsGst\":0.00,\"proratedcGst\":0.00,\"proratedExtraPrems\":null,\"cgstTaxRate\":0.00,\"sgstTaxRate\":0.00,\"ugstTaxRate\":0.00,\"igstTaxRate\":18.00}]}}"}</p> <p>Actual Can Type=>FREELOOK Expected Can Type=>FREELOOK</p> <p>Quote Response Code:200</p> <p>Quote Response Body is:{"policyNumber":"ALI0QAP12535568","type":"FREELOOK","status":"ACTIVE","quotationInfo":{"totalRefundAmount":100.00,"totalRefundWithoutSuspense":0.00,"totalProratedIgst":9.48,"totalProratedCgst":0.00,"totalProratedSgst":0.00,"totalProratedUgst":0.00,"totalStampDuty":3000.00,"totalProratedMortality":52.67,"medicalFee":10.00,"totalPremium":526.00,"totalSuspenseAmount":100.00,"totalFreelookCharges":3072.15,"coverages":[{"productCode":"ARMP0000111","refundAmount":-2536.15,"stampDutyAmount":3000.00,"proratedMortality":52.67,"proratedIgst":9.48,"proratedUgst":0.00,"proratedSgst":0.00,"proratedCgst":0.00,"cgstTaxRate":0.00,"sgstTaxRate":0.00,"ugstTaxRate":0.00,"igstTaxRate":18.00}],"totalProratedExtraPremium":0.00,"totalRefundWithoutRoundOff":100.00,"waivedOffCharges":2546.15},"pmsRawResponse":"{\"result\":1,\"messages\":null,\"exceptions\":null,\"clientRequestTime\":\"2020-11-09T16:28:45.364+0530\",\"policyNumber\":\"ALI0QAP12535568\",\"serviceId\":0,\"submissionDate\":\"2020-11-09T16:28:45.439+0530\",\"effectiveDate\":\"2020-11-09T05:30:00.000+0530\",\"itemResult\":{\"adminFee\":null,\"totalGrossPremium\":null,\"totalExtraPremium\":null,\"suspense\":0.00,\"advancePremium\":0.00,\"medicalFee\":0.00,\"totalRefundAmount\":0.00,\"totalProratediGst\":9.48,\"totalProrateduGst\":0.00,\"totalProratedsGst\":0.00,\"totalProratedcGst\":0.00,\"details\":[{\"productCode\":\"ARMP0000111\",\"refundAmount\":-2536.15,\"stampDutyAmount\":3000.00,\"proratedRiskPremium\":52.67,\"proratediGst\":9.48,\"prorateduGst\":0.00,\"proratedsGst\":0.00,\"proratedcGst\":0.00,\"proratedExtraPrems\":null,\"cgstTaxRate\":0.00,\"sgstTaxRate\":0.00,\"ugstTaxRate\":0.00,\"igstTaxRate\":18.00}]}}"}</p> <p>Response Body of FREELOOK =>{"code":"POL100","desc":"Refund Initiated For Policy Number: ALI0QAP12535568 and Service Request ID is SR0000155603","errorMessage":null,"addInfos":{"serviceRequestId":"SR0000155603"}}</p> <p>
Performed FREELOOK Response Body is:{"code":"POL100","desc":"Refund Initiated For Policy Number: ALI0QAP12535568 and Service Request ID is SR0000155603","errorMessage":null,"addInfos":{"serviceRequestId":"SR0000155603"}}</p> <p>Performed FREELOOK Response Code is:200</p>  </system-out>
  <testcase classname="Payout.PayoutPolicy" name="PolicyTest" time="226.012"/>
  <system-out>
<p>*******************Policy created using Mock API.***********************</p> <p>Status     : 200</p> <p>Response   : {"code":"PROP100","desc":"Proposal Accepted","errorMessage":null}</p> <p>Policy No:ALI0QAAD2311439</p> <p>*********************Get Quote for NB.**********************************</p> <p>
***** To get installment Premium from getNBQuotation API method Started *****
</p> <p>Amount to pay : 12258.0</p> <p>
 installment Premium Returned *****
</p> <p>*********************Payment initiate.**********************************</p> <p>status code   :200</p> <p>Initiate Payment response body	: {"payment":{"id":248791,"businessId":"NBTR0911200000248791","paymentDateTime":null,"amount":12358.0,"vendorPayment":{"vendorCode":"RAZORPAY","vendorOrderId":"order_Fz2wePc4jvOcnM","paymentId":null},"status":"INITIATED","paymentMode":null,"receiptDocId":null,"pasUpdatedOn":null,"card":null,"cheque":null,"demandDraft":null,"fundTransfer":null,"micrNumber":null,"ifscCode":null,"bankName":null,"userId":"SYSTEM","branchName":null,"branchCode":null,"transactionId":null,"processInstanceId":null,"accountNumber":null,"paymentMethod":"PAYMENTGATEWAY"},"payer":{"id":237258,"name":"Test User","email":"ankitk@360logica.com","mobileNumber":"6660060198","policyNumber":"ALI0QAAD2311439","vendorPayer":{"vendorCode":"RAZORPAY","payerId":"cust_EpvAB2ochO5IEb"},"status":null},"bill":{"id":326320,"policyNumber":"ALI0QAAD2311439","dueDate":"2020-11-19","amount":12358.0,"type":"NB","status":"GENERATED","product":{"type":"Term","schemeCode":"ARMP0000111"},"businessId":"NBORALI0QAAD231143900326320","amountPayable":0,"serviceRequestId":null},"receiptDocUrl":null,"anyTimeSiRegistered":false}</p> <p>Status Code						: 200</p> <p>Payment initiated.</p> <p>
 Customer Id=>cust_EpvAB2ochO5IEb
 Policy Number =>ALI0QAAD2311439
 Transactiond=>NBTR0911200000248791
 Order Id =>order_Fz2wePc4jvOcnM</p> <p>*********Get Mandate Status for Policy Number.***********</p> <p>Manadate done.</p> <p>[{"id":96332,"status":"Open","payer":{"id":237258,"name":"Test User","email":"ankitk@360logica.com","mobileNumber":"6660060198","policyNumber":"ALI0QAAD2311439","vendorPayer":{"vendorCode":"RAZORPAY","payerId":"cust_EpvAB2ochO5IEb"},"status":null},"payment":{"id":248791,"businessId":"NBTR0911200000248791","paymentDateTime":null,"amount":12358.0,"vendorPayment":{"vendorCode":"RAZORPAY","vendorOrderId":"order_Fz2wePc4jvOcnM","paymentId":null},"status":"INITIATED","paymentMode":null,"receiptDocId":null,"pasUpdatedOn":null,"card":null,"cheque":null,"demandDraft":null,"fundTransfer":null,"micrNumber":null,"ifscCode":null,"bankName":null,"userId":"SYSTEM","branchName":null,"branchCode":null,"transactionId":null,"processInstanceId":null,"accountNumber":null,"paymentMethod":"PAYMENTGATEWAY"},"contractNumber":"ALI0QAAD2311439","vendorMandateId":null,"startDate":"2020-11-09","endDate":null,"type":"CCSI","subtype":null,"vendorCode":"RAZORPAY","deactivatedOn":null,"deactivationRefId":null,"card":null,"additionalInfo":null,"reason":null,"anytimeSi":false,"lastAutoDebitStatus":null,"businessId":null}]</p> <p>Policy Manadte status is : [Open]</p> <p>*********Make payment for NB.***********</p> <p>Selected Payment Type is Card.</p> <p>*********************Verify Payment Info for New Business (NB).**********************************</p> <p>Final Payment done.</p> <p>response of payment info	: {"paymentModeDescription":"Card","vendorOrderId":"order_Fz2wePc4jvOcnM","dueDate":"2020-11-19","businessId":"NBTR0911200000248791","policyNumber":"ALI0QAAD2311439","ddDate":null,"bankName":null,"ddNumber":null,"chequeNumber":null,"createdOn":"2020-11-09","isMandateRegistered":true,"paymentType":"New Business","vendorCode":"RAZORPAY","ddType":null,"id":248791,"processInstanceId":null,"amount":12358.0,"paymentReceivedDate":"2020-11-09T11:04:31.000+0000","paymentMode":"cc","branchName":null,"receiptDocId":null,"chequeDate":null,"branchCode":null,"chequeType":null,"billBusinessId":"NBORALI0QAAD231143900326320","vendorTransactionId":"pay_Fz2xZGawFRwLSs","status":"SUCCESSFUL"}</p> <p>Manadte Registration is : true</p> <p>Payment Mode, Due Date and Amount values are	: Card || 2020-11-19 || 12358.0</p> <p>*********Get Mandate Status for Policy Number after payment done.***********</p> <p>Manadate done.</p> <p>[{"id":96332,"status":"Registered","payer":{"id":237258,"name":"Test User","email":"ankitk@360logica.com","mobileNumber":"6660060198","policyNumber":"ALI0QAAD2311439","vendorPayer":{"vendorCode":"RAZORPAY","payerId":"cust_EpvAB2ochO5IEb"},"status":null},"payment":{"id":248791,"businessId":"NBTR0911200000248791","paymentDateTime":"2020-11-09T11:04:31.000+0000","amount":12358.0,"vendorPayment":{"vendorCode":"RAZORPAY","vendorOrderId":"order_Fz2wePc4jvOcnM","paymentId":"pay_Fz2xZGawFRwLSs"},"status":"SUCCESSFUL","paymentMode":"cc","receiptDocId":null,"pasUpdatedOn":null,"card":{"name":"Aditi Patel","emi":false,"entity":"card","last4":"5558","international":true,"cardType":"credit","cardId":"card_EqBFnTIROnox5g","network":"MasterCard"},"cheque":null,"demandDraft":null,"fundTransfer":null,"micrNumber":null,"ifscCode":null,"bankName":null,"userId":"SYSTEM","branchName":null,"branchCode":null,"transactionId":null,"processInstanceId":"5c920fe5-227b-11eb-8b40-0a10d2210fba","accountNumber":null,"paymentMethod":"PAYMENTGATEWAY"},"contractNumber":"ALI0QAAD2311439","vendorMandateId":"token_EsAoYEDhOwFoXr","startDate":"2020-11-09","endDate":null,"type":"CCSI","subtype":null,"vendorCode":"RAZORPAY","deactivatedOn":null,"deactivationRefId":null,"card":{"name":"Aditi Patel","emi":false,"entity":"card","last4":"5558","international":true,"cardType":"credit","cardId":"card_EqBFnTIROnox5g","network":"MasterCard"},"additionalInfo":null,"reason":null,"anytimeSi":false,"lastAutoDebitStatus":null,"businessId":null}]</p> <p>Policy Manadte status is : [Registered]</p> <p>*********Get Suspence Entry.**********</p> <p>Suspense done.</p> <p>[{"policyNumber":"ALI0QAAD2311439","amount":0.00,"suspenseType":"NB"},{"policyNumber":"ALI0QAAD2311439","amount":100.00,"suspenseType":"RENEWAL"},{"policyNumber":"ALI0QAAD2311439","amount":0,"suspenseType":"PAYOUT"},{"policyNumber":"ALI0QAAD2311439","amount":0,"suspenseType":"REINSTATEMENT"},{"policyNumber":"ALI0QAAD2311439","amount":0,"suspenseType":"AR"}]</p> <p>Suspense Status : 0.0 || 100.0 || 0.0 || 0.0 || 0</p> <p>Verify Policy is in 'INFORCE' Status for Standard decision=>ALI0QAAD2311439</p> <p>GET -> Policy Number : The status code is: 200</p> <p>Policy status : INFORCE</p> <p>***********Save Policy Number in Config file.************</p> <p>Saved Policy Number is   : ALI0QAAD2311439</p> <p>*********************Generate Token******************************</p> <p>********************* Freelook Cancellation******************************</p> <p>Response Body of RIDER_SURRENDER Quote=>{"policyNumber":"ALI0QAAD2311439","type":"RIDER_SURRENDER","status":"ACTIVE","quotationInfo":{"totalRefundAmount":0.19,"totalRefundWithoutSuspense":0.19,"totalGsv":0.00,"totalSsv":0.00,"totalGrossSV":0.00,"totalSuspenseAmount":0.00,"coverages":[{"productCode":"138B006V05","refundAmount":0.19}],"policyNumber":"ALI0QAAD2311439"},"surrenderQuotationResponse":{"suspense":0.00,"advancePremium":0.00,"totalGrossSV":0.00,"netSV":0.19,"totalGsv":0.00,"totalSsv":0.00,"urpvDetails":[{"urpvAmount":0.19,"coverageNo":252798600,"productCode":"138B006V05"}]},"pmsRawResponse":"{\"result\":1,\"messages\":null,\"exceptions\":null,\"clientRequestId\":null,\"clientRequestTime\":\"2020-11-09T16:36:17.601+0530\",\"policyNumber\":\"ALI0QAAD2311439\",\"submissionDate\":\"2020-11-09T16:36:17.712+0530\",\"effectiveDate\":\"2020-11-09T05:30:00.000+0530\",\"itemResult\":{\"suspense\":0.00,\"advancePremium\":0.00,\"totalGrossSV\":0.00,\"netSV\":0.19,\"totalGsv\":0.00,\"totalSsv\":0.00,\"grossSvDetails\":null,\"gsvDetails\":null,\"ssvDetails\":null,\"urpvDetails\":[{\"urpvAmount\":0.19,\"coverageNo\":252798600,\"productCode\":\"138B006V05\"}],\"extendedProps\":{}},\"extendedProps\":{}}"}</p> <p>Actual Can Type=>RIDER_SURRENDER Expected Can Type=>RIDER_SURRENDER</p> <p>Quote Response Code:200</p> <p>Quote Response Body is:{"policyNumber":"ALI0QAAD2311439","type":"RIDER_SURRENDER","status":"ACTIVE","quotationInfo":{"totalRefundAmount":0.19,"totalRefundWithoutSuspense":0.19,"totalGsv":0.00,"totalSsv":0.00,"totalGrossSV":0.00,"totalSuspenseAmount":0.00,"coverages":[{"productCode":"138B006V05","refundAmount":0.19}],"policyNumber":"ALI0QAAD2311439"},"surrenderQuotationResponse":{"suspense":0.00,"advancePremium":0.00,"totalGrossSV":0.00,"netSV":0.19,"totalGsv":0.00,"totalSsv":0.00,"urpvDetails":[{"urpvAmount":0.19,"coverageNo":252798600,"productCode":"138B006V05"}]},"pmsRawResponse":"{\"result\":1,\"messages\":null,\"exceptions\":null,\"clientRequestId\":null,\"clientRequestTime\":\"2020-11-09T16:36:17.601+0530\",\"policyNumber\":\"ALI0QAAD2311439\",\"submissionDate\":\"2020-11-09T16:36:17.712+0530\",\"effectiveDate\":\"2020-11-09T05:30:00.000+0530\",\"itemResult\":{\"suspense\":0.00,\"advancePremium\":0.00,\"totalGrossSV\":0.00,\"netSV\":0.19,\"totalGsv\":0.00,\"totalSsv\":0.00,\"grossSvDetails\":null,\"gsvDetails\":null,\"ssvDetails\":null,\"urpvDetails\":[{\"urpvAmount\":0.19,\"coverageNo\":252798600,\"productCode\":\"138B006V05\"}],\"extendedProps\":{}},\"extendedProps\":{}}"}</p> <p>Response Body of RIDER_SURRENDER =>{"code":"SER100","desc":"Surrender Initiated For Policy Number: ALI0QAAD2311439 and Service Request ID is SR0000155611","errorMessage":null}</p> <p>
Performed RIDER_SURRENDER Response Body is:{"code":"SER100","desc":"Surrender Initiated For Policy Number: ALI0QAAD2311439 and Service Request ID is SR0000155611","errorMessage":null}</p> <p>Performed RIDER_SURRENDER Response Code is:200</p>  </system-out>
  <testcase classname="Payout.PayoutPolicy" name="PolicyTest" time="231.657"/>
  <system-out>
<p>*******************Policy created using Mock API.***********************</p> <p>Status     : 200</p> <p>Response   : {"code":"PROP100","desc":"Proposal Accepted","errorMessage":null}</p> <p>Policy No:ALI0QAP15788485</p> <p>*********************Get Quote for NB.**********************************</p> <p>
***** To get installment Premium from getNBQuotation API method Started *****
</p> <p>Amount to pay : 641.0</p> <p>
 installment Premium Returned *****
</p> <p>*********************Payment initiate.**********************************</p> <p>status code   :200</p> <p>Initiate Payment response body	: {"payment":{"id":248794,"businessId":"NBTR0911200000248794","paymentDateTime":null,"amount":741.0,"vendorPayment":{"vendorCode":"RAZORPAY","vendorOrderId":"order_Fz362juBlg4IhW","paymentId":null},"status":"INITIATED","paymentMode":null,"receiptDocId":null,"pasUpdatedOn":null,"card":null,"cheque":null,"demandDraft":null,"fundTransfer":null,"micrNumber":null,"ifscCode":null,"bankName":null,"userId":"SYSTEM","branchName":null,"branchCode":null,"transactionId":null,"processInstanceId":null,"accountNumber":null,"paymentMethod":"PAYMENTGATEWAY"},"payer":{"id":237261,"name":"Test User","email":"ankitk@360logica.com","mobileNumber":"6660060198","policyNumber":"ALI0QAP15788485","vendorPayer":{"vendorCode":"RAZORPAY","payerId":"cust_EpvAB2ochO5IEb"},"status":null},"bill":{"id":326324,"policyNumber":"ALI0QAP15788485","dueDate":"2020-11-19","amount":741.0,"type":"NB","status":"GENERATED","product":{"type":"Term","schemeCode":"ARMP0000111"},"businessId":"NBORALI0QAP1578848500326324","amountPayable":0,"serviceRequestId":null},"receiptDocUrl":null,"anyTimeSiRegistered":false}</p> <p>Status Code						: 200</p> <p>Payment initiated.</p> <p>
 Customer Id=>cust_EpvAB2ochO5IEb
 Policy Number =>ALI0QAP15788485
 Transactiond=>NBTR0911200000248794
 Order Id =>order_Fz362juBlg4IhW</p> <p>*********Get Mandate Status for Policy Number.***********</p> <p>Manadate done.</p> <p>[{"id":96334,"status":"Open","payer":{"id":237261,"name":"Test User","email":"ankitk@360logica.com","mobileNumber":"6660060198","policyNumber":"ALI0QAP15788485","vendorPayer":{"vendorCode":"RAZORPAY","payerId":"cust_EpvAB2ochO5IEb"},"status":null},"payment":{"id":248794,"businessId":"NBTR0911200000248794","paymentDateTime":null,"amount":741.0,"vendorPayment":{"vendorCode":"RAZORPAY","vendorOrderId":"order_Fz362juBlg4IhW","paymentId":null},"status":"INITIATED","paymentMode":null,"receiptDocId":null,"pasUpdatedOn":null,"card":null,"cheque":null,"demandDraft":null,"fundTransfer":null,"micrNumber":null,"ifscCode":null,"bankName":null,"userId":"SYSTEM","branchName":null,"branchCode":null,"transactionId":null,"processInstanceId":null,"accountNumber":null,"paymentMethod":"PAYMENTGATEWAY"},"contractNumber":"ALI0QAP15788485","vendorMandateId":null,"startDate":"2020-11-09","endDate":null,"type":"CCSI","subtype":null,"vendorCode":"RAZORPAY","deactivatedOn":null,"deactivationRefId":null,"card":null,"additionalInfo":null,"reason":null,"anytimeSi":false,"lastAutoDebitStatus":null,"businessId":null}]</p> <p>Policy Manadte status is : [Open]</p> <p>*********Make payment for NB.***********</p> <p>Selected Payment Type is Card.</p> <p>*********************Verify Payment Info for New Business (NB).**********************************</p> <p>Final Payment done.</p> <p>response of payment info	: {"paymentModeDescription":"Card","vendorOrderId":"order_Fz362juBlg4IhW","dueDate":"2020-11-19","businessId":"NBTR0911200000248794","policyNumber":"ALI0QAP15788485","ddDate":null,"bankName":null,"ddNumber":null,"chequeNumber":null,"createdOn":"2020-11-09","isMandateRegistered":true,"paymentType":"New Business","vendorCode":"RAZORPAY","ddType":null,"id":248794,"processInstanceId":null,"amount":741.0,"paymentReceivedDate":"2020-11-09T11:13:25.000+0000","paymentMode":"cc","branchName":null,"receiptDocId":null,"chequeDate":null,"branchCode":null,"chequeType":null,"billBusinessId":"NBORALI0QAP1578848500326324","vendorTransactionId":"pay_Fz36xwYGwRleVp","status":"SUCCESSFUL"}</p> <p>Manadte Registration is : true</p> <p>Payment Mode, Due Date and Amount values are	: Card || 2020-11-19 || 741.0</p> <p>*********Get Mandate Status for Policy Number after payment done.***********</p> <p>Manadate done.</p> <p>[{"id":96334,"status":"Registered","payer":{"id":237261,"name":"Test User","email":"ankitk@360logica.com","mobileNumber":"6660060198","policyNumber":"ALI0QAP15788485","vendorPayer":{"vendorCode":"RAZORPAY","payerId":"cust_EpvAB2ochO5IEb"},"status":null},"payment":{"id":248794,"businessId":"NBTR0911200000248794","paymentDateTime":"2020-11-09T11:13:25.000+0000","amount":741.0,"vendorPayment":{"vendorCode":"RAZORPAY","vendorOrderId":"order_Fz362juBlg4IhW","paymentId":"pay_Fz36xwYGwRleVp"},"status":"SUCCESSFUL","paymentMode":"cc","receiptDocId":null,"pasUpdatedOn":null,"card":{"name":"Aditi Patel","emi":false,"entity":"card","last4":"5558","international":true,"cardType":"credit","cardId":"card_EqBFnTIROnox5g","network":"MasterCard"},"cheque":null,"demandDraft":null,"fundTransfer":null,"micrNumber":null,"ifscCode":null,"bankName":null,"userId":"SYSTEM","branchName":null,"branchCode":null,"transactionId":null,"processInstanceId":"9afaaa43-227c-11eb-8b40-0a10d2210fba","accountNumber":null,"paymentMethod":"PAYMENTGATEWAY"},"contractNumber":"ALI0QAP15788485","vendorMandateId":"token_EsAoYEDhOwFoXr","startDate":"2020-11-09","endDate":null,"type":"CCSI","subtype":null,"vendorCode":"RAZORPAY","deactivatedOn":null,"deactivationRefId":null,"card":{"name":"Aditi Patel","emi":false,"entity":"card","last4":"5558","international":true,"cardType":"credit","cardId":"card_EqBFnTIROnox5g","network":"MasterCard"},"additionalInfo":null,"reason":null,"anytimeSi":false,"lastAutoDebitStatus":null,"businessId":null}]</p> <p>Policy Manadte status is : [Registered]</p> <p>*********Get Suspence Entry.**********</p> <p>Suspense done.</p> <p>[{"policyNumber":"ALI0QAP15788485","amount":0.00,"suspenseType":"NB"},{"policyNumber":"ALI0QAP15788485","amount":100.00,"suspenseType":"RENEWAL"},{"policyNumber":"ALI0QAP15788485","amount":0,"suspenseType":"PAYOUT"},{"policyNumber":"ALI0QAP15788485","amount":0,"suspenseType":"REINSTATEMENT"},{"policyNumber":"ALI0QAP15788485","amount":0,"suspenseType":"AR"}]</p> <p>Suspense Status : 0.0 || 100.0 || 0.0 || 0.0 || 0</p> <p>Verify Policy is in 'INFORCE' Status for Standard decision=>ALI0QAP15788485</p> <p>GET -> Policy Number : The status code is: 200</p> <p>Policy status : INFORCE</p> <p>***********Save Policy Number in Config file.************</p> <p>Saved Policy Number is   : ALI0QAP15788485</p> <p>*********************Generate Token******************************</p> <p>********************* Freelook Cancellation******************************</p> <p>Response Body of CANCEL_FULL_REFUND Quote=>{"policyNumber":"ALI0QAP15788485","type":"CANCEL_FULL_REFUND","status":"ACTIVE","quotationInfo":{"totalRefundAmount":741.00,"totalRefundWithoutSuspense":641.00,"totalSuspenseAmount":100.00,"coverages":[{"productCode":"ARMP0000111","refundAmount":641.00,"totalIgst":98.00,"totalCgst":0.00,"totalSgst":0.00,"totalUgst":0.00}],"policyNumber":"ALI0QAP15788485","totalBasePlanPremium":641.00,"totalRiderPremium":0.00,"survivalBenefit":0.00,"totalReceiptAmount":741.00,"totalIgst":98.00,"totalCgst":0.00,"totalSgst":0.00,"totalUgst":0.00,"status":"ACTIVE","type":"CANCEL_FULL_REFUND"},"cancelFullRefundQuotationResponse":{"totalBasePlanPremium":641.00,"totalRiderPremium":0.00,"suspenseAmount":100.00,"survivalBenefit":0.00,"totalReceiptAmount":741.00,"totalRefundAmount":741.00,"totalIgst":98.00,"totalSgst":0.00,"totalCgst":0.00,"totalUgst":0.00,"coverages":[{"code":"ARMP0000111","status":"INFORCE","reason":"NEW_ISSUE","totalRefundAmount":641.00,"totalIgst":98.00,"totalSgst":0.00,"totalCgst":0.00,"totalUgst":0.00}]},"pmsRawResponse":"{\"result\":1,\"extendedProps\":{},\"clientRequestId\":\"ccb654e5-6a2f-4b26-a8d0-ba34d74f50c1\",\"clientRequestTime\":\"2020-11-09T16:45:21.270+0530\",\"policy\":{\"extendedProps\":{\"property1\":null,\"property2\":null},\"totalPremPaidWithoutTax\":543,\"totalIGstPaid\":98.00,\"totalSGstPaid\":0,\"totalCGstPaid\":0,\"totalUGstPaid\":0,\"totalPremPaidAfterRounding\":641,\"totalOsPremOnEventDate\":0,\"totalAdditionPremOnEventDate\":0,\"coverageInfos\":[{\"extendedProps\":{\"property1\":null,\"property2\":null},\"coverageNo\":\"252809555\",\"productCode\":\"ARMP0000111\",\"riskStatus\":1,\"totalPremPaidWithoutTax\":543,\"totalIGstPaid\":98.00,\"totalSGstPaid\":0,\"totalCGstPaid\":0,\"totalUGstPaid\":0,\"osPremOnEventDate\":0,\"additionPremOnEventDate\":0,\"osDetails\":[]}]}}"}</p> <p>Actual Can Type=>CANCEL_FULL_REFUND Expected Can Type=>CANCEL_FULL_REFUND</p> <p>Quote Response Code:200</p> <p>Quote Response Body is:{"policyNumber":"ALI0QAP15788485","type":"CANCEL_FULL_REFUND","status":"ACTIVE","quotationInfo":{"totalRefundAmount":741.00,"totalRefundWithoutSuspense":641.00,"totalSuspenseAmount":100.00,"coverages":[{"productCode":"ARMP0000111","refundAmount":641.00,"totalIgst":98.00,"totalCgst":0.00,"totalSgst":0.00,"totalUgst":0.00}],"policyNumber":"ALI0QAP15788485","totalBasePlanPremium":641.00,"totalRiderPremium":0.00,"survivalBenefit":0.00,"totalReceiptAmount":741.00,"totalIgst":98.00,"totalCgst":0.00,"totalSgst":0.00,"totalUgst":0.00,"status":"ACTIVE","type":"CANCEL_FULL_REFUND"},"cancelFullRefundQuotationResponse":{"totalBasePlanPremium":641.00,"totalRiderPremium":0.00,"suspenseAmount":100.00,"survivalBenefit":0.00,"totalReceiptAmount":741.00,"totalRefundAmount":741.00,"totalIgst":98.00,"totalSgst":0.00,"totalCgst":0.00,"totalUgst":0.00,"coverages":[{"code":"ARMP0000111","status":"INFORCE","reason":"NEW_ISSUE","totalRefundAmount":641.00,"totalIgst":98.00,"totalSgst":0.00,"totalCgst":0.00,"totalUgst":0.00}]},"pmsRawResponse":"{\"result\":1,\"extendedProps\":{},\"clientRequestId\":\"ccb654e5-6a2f-4b26-a8d0-ba34d74f50c1\",\"clientRequestTime\":\"2020-11-09T16:45:21.270+0530\",\"policy\":{\"extendedProps\":{\"property1\":null,\"property2\":null},\"totalPremPaidWithoutTax\":543,\"totalIGstPaid\":98.00,\"totalSGstPaid\":0,\"totalCGstPaid\":0,\"totalUGstPaid\":0,\"totalPremPaidAfterRounding\":641,\"totalOsPremOnEventDate\":0,\"totalAdditionPremOnEventDate\":0,\"coverageInfos\":[{\"extendedProps\":{\"property1\":null,\"property2\":null},\"coverageNo\":\"252809555\",\"productCode\":\"ARMP0000111\",\"riskStatus\":1,\"totalPremPaidWithoutTax\":543,\"totalIGstPaid\":98.00,\"totalSGstPaid\":0,\"totalCGstPaid\":0,\"totalUGstPaid\":0,\"osPremOnEventDate\":0,\"additionPremOnEventDate\":0,\"osDetails\":[]}]}}"}</p> <p>Response Body of CANCEL_FULL_REFUND =>{"code":"CFR100","desc":"Cancel Full Refund Successful for policy number: ALI0QAP15788485 with service request id: SR0000155614","errorMessage":null}</p> <p>
Performed CANCEL_FULL_REFUND Response Body is:{"code":"CFR100","desc":"Cancel Full Refund Successful for policy number: ALI0QAP15788485 with service request id: SR0000155614","errorMessage":null}</p> <p>Performed CANCEL_FULL_REFUND Response Code is:200</p>  </system-out>
  <testcase classname="Payout.PayoutPolicy" name="PolicyTest" time="223.130"/>
  <system-out>
<p>*******************Policy created using Mock API.***********************</p> <p>
++++++++++ CODE method of Create Sample data for policy  ++++++++++
</p> <p>
***** Sample data for USER & POLICY HOLDER Started *****
</p> <p>
 Sample user name created for user 
</p> <p>
 Sample partyrefid created for user 
</p> <p>
 Sample mobile No created for user 
</p> <p>
 Sample DOB created for user 
</p> <p>
 Sample email ID created for user 
</p> <p>
 Sample PAN card created for user 
</p> <p>
 Sample user name created for policy holder 
</p> <p>
 Sample partyrefid created for policy Holder 
</p> <p>
 Sample mobile number created for policy holder 
</p> <p>
 Sample DOB created for policy holder 
</p> <p>
 Sample policy holder identityInfo created 
</p> <p>
 Sample PAN card created for policy holder 
</p> <p>
 policy number created 
</p> <p>
 policy purchaseDateTime created 
</p> <p>
 policy startDateTime created 
</p> <p>
 policy dispatchDateTime created 
</p> <p>
***** Sample Data for policy created *****
</p> <p>Status     : 200</p> <p>Response   : {"code":"PROP100","desc":"Proposal Accepted","errorMessage":null}</p> <p>Policy No:ALI0QAP16167749</p> <p>*********************Get Quote for NB.**********************************</p> <p>
***** To get installment Premium from getNBQuotation API method Started *****
</p> <p>Amount to pay : 505.0</p> <p>
 installment Premium Returned *****
</p> <p>*********************Payment initiate.**********************************</p> <p>status code   :200</p> <p>Initiate Payment response body	: {"payment":{"id":248783,"businessId":"NBTR0911200000248783","paymentDateTime":null,"amount":605.0,"vendorPayment":{"vendorCode":"RAZORPAY","vendorOrderId":"order_Fz2ko2R0A2HJce","paymentId":null},"status":"INITIATED","paymentMode":null,"receiptDocId":null,"pasUpdatedOn":null,"card":null,"cheque":null,"demandDraft":null,"fundTransfer":null,"micrNumber":null,"ifscCode":null,"bankName":null,"userId":"SYSTEM","branchName":null,"branchCode":null,"transactionId":null,"processInstanceId":null,"accountNumber":null,"paymentMethod":"PAYMENTGATEWAY"},"payer":{"id":237252,"name":"Test User","email":"ankitk@360logica.com","mobileNumber":"6660060198","policyNumber":"ALI0QAP16167749","vendorPayer":{"vendorCode":"RAZORPAY","payerId":"cust_EpvAB2ochO5IEb"},"status":null},"bill":{"id":326312,"policyNumber":"ALI0QAP16167749","dueDate":"2020-11-19","amount":605.0,"type":"NB","status":"GENERATED","product":{"type":"Term","schemeCode":"ARMP0000111"},"businessId":"NBORALI0QAP1616774900326312","amountPayable":0,"serviceRequestId":null},"receiptDocUrl":null,"anyTimeSiRegistered":false}</p> <p>Status Code						: 200</p> <p>Payment initiated.</p> <p>
 Customer Id=>cust_EpvAB2ochO5IEb
 Policy Number =>ALI0QAP16167749
 Transactiond=>NBTR0911200000248783
 Order Id =>order_Fz2ko2R0A2HJce</p> <p>*********Get Mandate Status for Policy Number.***********</p> <p>Manadate done.</p> <p>[{"id":96325,"status":"Open","payer":{"id":237252,"name":"Test User","email":"ankitk@360logica.com","mobileNumber":"6660060198","policyNumber":"ALI0QAP16167749","vendorPayer":{"vendorCode":"RAZORPAY","payerId":"cust_EpvAB2ochO5IEb"},"status":null},"payment":{"id":248783,"businessId":"NBTR0911200000248783","paymentDateTime":null,"amount":605.0,"vendorPayment":{"vendorCode":"RAZORPAY","vendorOrderId":"order_Fz2ko2R0A2HJce","paymentId":null},"status":"INITIATED","paymentMode":null,"receiptDocId":null,"pasUpdatedOn":null,"card":null,"cheque":null,"demandDraft":null,"fundTransfer":null,"micrNumber":null,"ifscCode":null,"bankName":null,"userId":"SYSTEM","branchName":null,"branchCode":null,"transactionId":null,"processInstanceId":null,"accountNumber":null,"paymentMethod":"PAYMENTGATEWAY"},"contractNumber":"ALI0QAP16167749","vendorMandateId":null,"startDate":"2020-11-09","endDate":null,"type":"CCSI","subtype":null,"vendorCode":"RAZORPAY","deactivatedOn":null,"deactivationRefId":null,"card":null,"additionalInfo":null,"reason":null,"anytimeSi":false,"lastAutoDebitStatus":null,"businessId":null}]</p> <p>Policy Manadte status is : [Open]</p> <p>*********Make payment for NB.***********</p> <p>Selected Payment Type is Card.</p> <p>*********************Verify Payment Info for New Business (NB).**********************************</p> <p>Final Payment done.</p> <p>response of payment info	: {"paymentModeDescription":"Card","vendorOrderId":"order_Fz2ko2R0A2HJce","dueDate":"2020-11-19","businessId":"NBTR0911200000248783","policyNumber":"ALI0QAP16167749","ddDate":null,"bankName":null,"ddNumber":null,"chequeNumber":null,"createdOn":"2020-11-09","isMandateRegistered":true,"paymentType":"New Business","vendorCode":"RAZORPAY","ddType":null,"id":248783,"processInstanceId":null,"amount":605.0,"paymentReceivedDate":"2020-11-09T10:53:19.000+0000","paymentMode":"cc","branchName":null,"receiptDocId":null,"chequeDate":null,"branchCode":null,"chequeType":null,"billBusinessId":"NBORALI0QAP1616774900326312","vendorTransactionId":"pay_Fz2ljCDmyHqM0b","status":"SUCCESSFUL"}</p> <p>Manadte Registration is : true</p> <p>Payment Mode, Due Date and Amount values are	: Card || 2020-11-19 || 605.0</p> <p>*********Get Mandate Status for Policy Number after payment done.***********</p> <p>Manadate done.</p> <p>[{"id":96325,"status":"Registered","payer":{"id":237252,"name":"Test User","email":"ankitk@360logica.com","mobileNumber":"6660060198","policyNumber":"ALI0QAP16167749","vendorPayer":{"vendorCode":"RAZORPAY","payerId":"cust_EpvAB2ochO5IEb"},"status":null},"payment":{"id":248783,"businessId":"NBTR0911200000248783","paymentDateTime":"2020-11-09T10:53:19.000+0000","amount":605.0,"vendorPayment":{"vendorCode":"RAZORPAY","vendorOrderId":"order_Fz2ko2R0A2HJce","paymentId":"pay_Fz2ljCDmyHqM0b"},"status":"SUCCESSFUL","paymentMode":"cc","receiptDocId":null,"pasUpdatedOn":null,"card":{"name":"Aditi Patel","emi":false,"entity":"card","last4":"5558","international":true,"cardType":"credit","cardId":"card_EqBFnTIROnox5g","network":"MasterCard"},"cheque":null,"demandDraft":null,"fundTransfer":null,"micrNumber":null,"ifscCode":null,"bankName":null,"userId":"SYSTEM","branchName":null,"branchCode":null,"transactionId":null,"processInstanceId":"cc2e1084-2279-11eb-8b40-0a10d2210fba","accountNumber":null,"paymentMethod":"PAYMENTGATEWAY"},"contractNumber":"ALI0QAP16167749","vendorMandateId":"token_EsAoYEDhOwFoXr","startDate":"2020-11-09","endDate":null,"type":"CCSI","subtype":null,"vendorCode":"RAZORPAY","deactivatedOn":null,"deactivationRefId":null,"card":{"name":"Aditi Patel","emi":false,"entity":"card","last4":"5558","international":true,"cardType":"credit","cardId":"card_EqBFnTIROnox5g","network":"MasterCard"},"additionalInfo":null,"reason":null,"anytimeSi":false,"lastAutoDebitStatus":null,"businessId":null}]</p> <p>Policy Manadte status is : [Registered]</p> <p>*********Get Suspence Entry.**********</p> <p>Suspense done.</p> <p>[{"policyNumber":"ALI0QAP16167749","amount":0.00,"suspenseType":"NB"},{"policyNumber":"ALI0QAP16167749","amount":100.00,"suspenseType":"RENEWAL"},{"policyNumber":"ALI0QAP16167749","amount":0,"suspenseType":"PAYOUT"},{"policyNumber":"ALI0QAP16167749","amount":0,"suspenseType":"REINSTATEMENT"},{"policyNumber":"ALI0QAP16167749","amount":0,"suspenseType":"AR"}]</p> <p>Suspense Status : 0.0 || 100.0 || 0.0 || 0.0 || 0</p> <p>Verify Policy is in 'INFORCE' Status for Standard decision=>ALI0QAP16167749</p> <p>GET -> Policy Number : The status code is: 200</p> <p>Policy status : INFORCE</p> <p>***********Save Policy Number in Config file.************</p> <p>Saved Policy Number is   : ALI0QAP16167749</p> <p>*********************Generate Token******************************</p> <p>********************* Freelook Cancellation******************************</p> <p>Response Body of SURRENDER Quote=>{"policyNumber":"ALI0QAP16167749","type":"SURRENDER","status":"ACTIVE","quotationInfo":{"totalRefundAmount":100.00,"totalRefundWithoutSuspense":0.00,"totalGsv":0.00,"totalSsv":0.00,"totalGrossSV":0.00,"totalSuspenseAmount":100.00,"coverages":[{"productCode":"ARMP0000111","refundAmount":0.00}],"policyNumber":"ALI0QAP16167749"},"surrenderQuotationResponse":{"suspense":100.00,"advancePremium":0.00,"totalGrossSV":0.00,"netSV":0.00,"totalGsv":0.00,"totalSsv":0.00,"urpvDetails":[{"urpvAmount":0.00,"coverageNo":252797427,"productCode":"ARMP0000111"}]},"pmsRawResponse":"{\"result\":1,\"messages\":null,\"exceptions\":null,\"clientRequestId\":null,\"clientRequestTime\":\"2020-11-09T16:25:03.972+0530\",\"policyNumber\":\"ALI0QAP16167749\",\"submissionDate\":\"2020-11-09T16:25:04.050+0530\",\"effectiveDate\":\"2020-11-09T05:30:00.000+0530\",\"itemResult\":{\"suspense\":0.00,\"advancePremium\":0.00,\"totalGrossSV\":0.00,\"netSV\":0.00,\"totalGsv\":0.00,\"totalSsv\":0.00,\"grossSvDetails\":null,\"gsvDetails\":null,\"ssvDetails\":null,\"urpvDetails\":[{\"urpvAmount\":0.00,\"coverageNo\":252797427,\"productCode\":\"ARMP0000111\"}],\"extendedProps\":{}},\"extendedProps\":{}}"}</p> <p>Actual Can Type=>SURRENDER Expected Can Type=>SURRENDER</p> <p>Quote Response Code:200</p> <p>Quote Response Body is:{"policyNumber":"ALI0QAP16167749","type":"SURRENDER","status":"ACTIVE","quotationInfo":{"totalRefundAmount":100.00,"totalRefundWithoutSuspense":0.00,"totalGsv":0.00,"totalSsv":0.00,"totalGrossSV":0.00,"totalSuspenseAmount":100.00,"coverages":[{"productCode":"ARMP0000111","refundAmount":0.00}],"policyNumber":"ALI0QAP16167749"},"surrenderQuotationResponse":{"suspense":100.00,"advancePremium":0.00,"totalGrossSV":0.00,"netSV":0.00,"totalGsv":0.00,"totalSsv":0.00,"urpvDetails":[{"urpvAmount":0.00,"coverageNo":252797427,"productCode":"ARMP0000111"}]},"pmsRawResponse":"{\"result\":1,\"messages\":null,\"exceptions\":null,\"clientRequestId\":null,\"clientRequestTime\":\"2020-11-09T16:25:03.972+0530\",\"policyNumber\":\"ALI0QAP16167749\",\"submissionDate\":\"2020-11-09T16:25:04.050+0530\",\"effectiveDate\":\"2020-11-09T05:30:00.000+0530\",\"itemResult\":{\"suspense\":0.00,\"advancePremium\":0.00,\"totalGrossSV\":0.00,\"netSV\":0.00,\"totalGsv\":0.00,\"totalSsv\":0.00,\"grossSvDetails\":null,\"gsvDetails\":null,\"ssvDetails\":null,\"urpvDetails\":[{\"urpvAmount\":0.00,\"coverageNo\":252797427,\"productCode\":\"ARMP0000111\"}],\"extendedProps\":{}},\"extendedProps\":{}}"}</p> <p>Response Body of SURRENDER =>{"code":"SER100","desc":"Surrender Initiated For Policy Number: ALI0QAP16167749 and Service Request ID is SR0000155602","errorMessage":null}</p> <p>
Performed SURRENDER Response Body is:{"code":"SER100","desc":"Surrender Initiated For Policy Number: ALI0QAP16167749 and Service Request ID is SR0000155602","errorMessage":null}</p> <p>Performed SURRENDER Response Code is:200</p>  </system-out>
  <testcase classname="Payout.PayoutPolicy" name="PolicyTest" time="231.674"/>
  <system-out>
<p>*******************Policy created using Mock API.***********************</p> <p>Status     : 200</p> <p>Response   : {"code":"PROP100","desc":"Proposal Accepted","errorMessage":null}</p> <p>Policy No:ALI0QAAD5758122</p> <p>*********************Get Quote for NB.**********************************</p> <p>
***** To get installment Premium from getNBQuotation API method Started *****
</p> <p>Amount to pay : 9260.0</p> <p>
 installment Premium Returned *****
</p> <p>*********************Payment initiate.**********************************</p> <p>status code   :200</p> <p>Initiate Payment response body	: {"payment":{"id":248787,"businessId":"NBTR0911200000248787","paymentDateTime":null,"amount":9360.0,"vendorPayment":{"vendorCode":"RAZORPAY","vendorOrderId":"order_Fz2saLrVUEmcUR","paymentId":null},"status":"INITIATED","paymentMode":null,"receiptDocId":null,"pasUpdatedOn":null,"card":null,"cheque":null,"demandDraft":null,"fundTransfer":null,"micrNumber":null,"ifscCode":null,"bankName":null,"userId":"SYSTEM","branchName":null,"branchCode":null,"transactionId":null,"processInstanceId":null,"accountNumber":null,"paymentMethod":"PAYMENTGATEWAY"},"payer":{"id":237256,"name":"Test User","email":"ankitk@360logica.com","mobileNumber":"6660060198","policyNumber":"ALI0QAAD5758122","vendorPayer":{"vendorCode":"RAZORPAY","payerId":"cust_EpvAB2ochO5IEb"},"status":null},"bill":{"id":326316,"policyNumber":"ALI0QAAD5758122","dueDate":"2020-11-19","amount":9360.0,"type":"NB","status":"GENERATED","product":{"type":"Term","schemeCode":"ARMP0000111"},"businessId":"NBORALI0QAAD575812200326316","amountPayable":0,"serviceRequestId":null},"receiptDocUrl":null,"anyTimeSiRegistered":false}</p> <p>Status Code						: 200</p> <p>Payment initiated.</p> <p>
 Customer Id=>cust_EpvAB2ochO5IEb
 Policy Number =>ALI0QAAD5758122
 Transactiond=>NBTR0911200000248787
 Order Id =>order_Fz2saLrVUEmcUR</p> <p>*********Get Mandate Status for Policy Number.***********</p> <p>Manadate done.</p> <p>[{"id":96328,"status":"Open","payer":{"id":237256,"name":"Test User","email":"ankitk@360logica.com","mobileNumber":"6660060198","policyNumber":"ALI0QAAD5758122","vendorPayer":{"vendorCode":"RAZORPAY","payerId":"cust_EpvAB2ochO5IEb"},"status":null},"payment":{"id":248787,"businessId":"NBTR0911200000248787","paymentDateTime":null,"amount":9360.0,"vendorPayment":{"vendorCode":"RAZORPAY","vendorOrderId":"order_Fz2saLrVUEmcUR","paymentId":null},"status":"INITIATED","paymentMode":null,"receiptDocId":null,"pasUpdatedOn":null,"card":null,"cheque":null,"demandDraft":null,"fundTransfer":null,"micrNumber":null,"ifscCode":null,"bankName":null,"userId":"SYSTEM","branchName":null,"branchCode":null,"transactionId":null,"processInstanceId":null,"accountNumber":null,"paymentMethod":"PAYMENTGATEWAY"},"contractNumber":"ALI0QAAD5758122","vendorMandateId":null,"startDate":"2020-11-09","endDate":null,"type":"CCSI","subtype":null,"vendorCode":"RAZORPAY","deactivatedOn":null,"deactivationRefId":null,"card":null,"additionalInfo":null,"reason":null,"anytimeSi":false,"lastAutoDebitStatus":null,"businessId":null}]</p> <p>Policy Manadte status is : [Open]</p> <p>*********Make payment for NB.***********</p> <p>Selected Payment Type is Card.</p> <p>*********************Verify Payment Info for New Business (NB).**********************************</p> <p>Final Payment done.</p> <p>response of payment info	: {"paymentModeDescription":"Card","vendorOrderId":"order_Fz2saLrVUEmcUR","dueDate":"2020-11-19","businessId":"NBTR0911200000248787","policyNumber":"ALI0QAAD5758122","ddDate":null,"bankName":null,"ddNumber":null,"chequeNumber":null,"createdOn":"2020-11-09","isMandateRegistered":true,"paymentType":"New Business","vendorCode":"RAZORPAY","ddType":null,"id":248787,"processInstanceId":null,"amount":9360.0,"paymentReceivedDate":"2020-11-09T11:00:40.000+0000","paymentMode":"cc","branchName":null,"receiptDocId":null,"chequeDate":null,"branchCode":null,"chequeType":null,"billBusinessId":"NBORALI0QAAD575812200326316","vendorTransactionId":"pay_Fz2tUWrhp5nQaD","status":"SUCCESSFUL"}</p> <p>Manadte Registration is : true</p> <p>Payment Mode, Due Date and Amount values are	: Card || 2020-11-19 || 9360.0</p> <p>*********Get Mandate Status for Policy Number after payment done.***********</p> <p>Manadate done.</p> <p>[{"id":96328,"status":"Registered","payer":{"id":237256,"name":"Test User","email":"ankitk@360logica.com","mobileNumber":"6660060198","policyNumber":"ALI0QAAD5758122","vendorPayer":{"vendorCode":"RAZORPAY","payerId":"cust_EpvAB2ochO5IEb"},"status":null},"payment":{"id":248787,"businessId":"NBTR0911200000248787","paymentDateTime":"2020-11-09T11:00:40.000+0000","amount":9360.0,"vendorPayment":{"vendorCode":"RAZORPAY","vendorOrderId":"order_Fz2saLrVUEmcUR","paymentId":"pay_Fz2tUWrhp5nQaD"},"status":"SUCCESSFUL","paymentMode":"cc","receiptDocId":null,"pasUpdatedOn":null,"card":{"name":"Aditi Patel","emi":false,"entity":"card","last4":"5558","international":true,"cardType":"credit","cardId":"card_EqBFnTIROnox5g","network":"MasterCard"},"cheque":null,"demandDraft":null,"fundTransfer":null,"micrNumber":null,"ifscCode":null,"bankName":null,"userId":"SYSTEM","branchName":null,"branchCode":null,"transactionId":null,"processInstanceId":"d2bfed59-227a-11eb-8b40-0a10d2210fba","accountNumber":null,"paymentMethod":"PAYMENTGATEWAY"},"contractNumber":"ALI0QAAD5758122","vendorMandateId":"token_EsAoYEDhOwFoXr","startDate":"2020-11-09","endDate":null,"type":"CCSI","subtype":null,"vendorCode":"RAZORPAY","deactivatedOn":null,"deactivationRefId":null,"card":{"name":"Aditi Patel","emi":false,"entity":"card","last4":"5558","international":true,"cardType":"credit","cardId":"card_EqBFnTIROnox5g","network":"MasterCard"},"additionalInfo":null,"reason":null,"anytimeSi":false,"lastAutoDebitStatus":null,"businessId":null}]</p> <p>Policy Manadte status is : [Registered]</p> <p>*********Get Suspence Entry.**********</p> <p>Suspense done.</p> <p>[{"policyNumber":"ALI0QAAD5758122","amount":0.00,"suspenseType":"NB"},{"policyNumber":"ALI0QAAD5758122","amount":100.00,"suspenseType":"RENEWAL"},{"policyNumber":"ALI0QAAD5758122","amount":0,"suspenseType":"PAYOUT"},{"policyNumber":"ALI0QAAD5758122","amount":0,"suspenseType":"REINSTATEMENT"},{"policyNumber":"ALI0QAAD5758122","amount":0,"suspenseType":"AR"}]</p> <p>Suspense Status : 0.0 || 100.0 || 0.0 || 0.0 || 0</p> <p>Verify Policy is in 'INFORCE' Status for Standard decision=>ALI0QAAD5758122</p> <p>GET -> Policy Number : The status code is: 200</p> <p>Policy status : INFORCE</p> <p>***********Save Policy Number in Config file.************</p> <p>Saved Policy Number is   : ALI0QAAD5758122</p> <p>*********************Generate Token******************************</p> <p>********************* Freelook Cancellation******************************</p> <p>Response Body of RIDER_FREELOOK Quote=>{"policyNumber":"ALI0QAAD5758122","type":"RIDER_FREELOOK","status":"ACTIVE","quotationInfo":{"totalRefundAmount":239.08,"totalRefundWithoutSuspense":239.08,"totalProratedIgst":0.00,"totalProratedCgst":2.36,"totalProratedSgst":2.36,"totalProratedUgst":0.00,"totalStampDuty":20.00,"totalProratedMortality":0.57,"medicalFee":0.00,"totalPremium":290.00,"totalSuspenseAmount":0.00,"totalFreelookCharges":50.92,"coverages":[{"productCode":"138B006V05","refundAmount":239.08,"stampDutyAmount":20.00,"proratedMortality":0.57,"proratedIgst":0.00,"proratedUgst":0.00,"proratedSgst":0.05,"proratedCgst":0.05,"proratedExtraPrems":[{"extraType":"EMR","extraPrem":23.44,"extraArith":"8","ugstAmount":0.00,"sgstAmount":2.11,"igstAmount":0.00,"cgstAmount":2.11},{"extraType":"PER_MILE","extraPrem":2.19,"extraArith":"1","ugstAmount":0.00,"sgstAmount":0.20,"igstAmount":0.00,"cgstAmount":0.20}],"cgstTaxRate":9.00,"sgstTaxRate":9.00,"ugstTaxRate":0.00,"igstTaxRate":0.00}],"totalProratedExtraPremium":25.63,"totalRefundWithoutRoundOff":239.08,"waivedOffCharges":0.00},"pmsRawResponse":"{\"result\":1,\"messages\":null,\"exceptions\":null,\"clientRequestTime\":\"2020-11-09T16:32:30.972+0530\",\"policyNumber\":\"ALI0QAAD5758122\",\"serviceId\":0,\"submissionDate\":\"2020-11-09T16:32:31.087+0530\",\"effectiveDate\":\"2020-11-09T05:30:00.000+0530\",\"itemResult\":{\"adminFee\":null,\"totalGrossPremium\":null,\"totalExtraPremium\":null,\"suspense\":0.00,\"advancePremium\":0.00,\"medicalFee\":0.00,\"totalRefundAmount\":239.08,\"totalProratediGst\":0.00,\"totalProrateduGst\":0.00,\"totalProratedsGst\":2.36,\"totalProratedcGst\":2.36,\"details\":[{\"productCode\":\"138B006V05\",\"refundAmount\":239.08,\"stampDutyAmount\":20.00,\"proratedRiskPremium\":0.57,\"proratediGst\":0.00,\"prorateduGst\":0.00,\"proratedsGst\":0.05,\"proratedcGst\":0.05,\"proratedExtraPrems\":[{\"id\":null,\"coverageId\":null,\"serviceRequestId\":null,\"extraType\":\"A\",\"extraPrem\":23.44,\"extraArith\":\"8\",\"cGstAmount\":2.11,\"sGstAmount\":2.11,\"iGstAmount\":0.00,\"uGstAmount\":0.00},{\"id\":null,\"coverageId\":null,\"serviceRequestId\":null,\"extraType\":\"F\",\"extraPrem\":2.19,\"extraArith\":\"1\",\"cGstAmount\":0.20,\"sGstAmount\":0.20,\"iGstAmount\":0.00,\"uGstAmount\":0.00}],\"cgstTaxRate\":9.00,\"sgstTaxRate\":9.00,\"ugstTaxRate\":0.00,\"igstTaxRate\":0.00}]}}"}</p> <p>Actual Can Type=>RIDER_FREELOOK Expected Can Type=>RIDER_FREELOOK</p> <p>Quote Response Code:200</p> <p>Quote Response Body is:{"policyNumber":"ALI0QAAD5758122","type":"RIDER_FREELOOK","status":"ACTIVE","quotationInfo":{"totalRefundAmount":239.08,"totalRefundWithoutSuspense":239.08,"totalProratedIgst":0.00,"totalProratedCgst":2.36,"totalProratedSgst":2.36,"totalProratedUgst":0.00,"totalStampDuty":20.00,"totalProratedMortality":0.57,"medicalFee":0.00,"totalPremium":290.00,"totalSuspenseAmount":0.00,"totalFreelookCharges":50.92,"coverages":[{"productCode":"138B006V05","refundAmount":239.08,"stampDutyAmount":20.00,"proratedMortality":0.57,"proratedIgst":0.00,"proratedUgst":0.00,"proratedSgst":0.05,"proratedCgst":0.05,"proratedExtraPrems":[{"extraType":"EMR","extraPrem":23.44,"extraArith":"8","ugstAmount":0.00,"sgstAmount":2.11,"igstAmount":0.00,"cgstAmount":2.11},{"extraType":"PER_MILE","extraPrem":2.19,"extraArith":"1","ugstAmount":0.00,"sgstAmount":0.20,"igstAmount":0.00,"cgstAmount":0.20}],"cgstTaxRate":9.00,"sgstTaxRate":9.00,"ugstTaxRate":0.00,"igstTaxRate":0.00}],"totalProratedExtraPremium":25.63,"totalRefundWithoutRoundOff":239.08,"waivedOffCharges":0.00},"pmsRawResponse":"{\"result\":1,\"messages\":null,\"exceptions\":null,\"clientRequestTime\":\"2020-11-09T16:32:30.972+0530\",\"policyNumber\":\"ALI0QAAD5758122\",\"serviceId\":0,\"submissionDate\":\"2020-11-09T16:32:31.087+0530\",\"effectiveDate\":\"2020-11-09T05:30:00.000+0530\",\"itemResult\":{\"adminFee\":null,\"totalGrossPremium\":null,\"totalExtraPremium\":null,\"suspense\":0.00,\"advancePremium\":0.00,\"medicalFee\":0.00,\"totalRefundAmount\":239.08,\"totalProratediGst\":0.00,\"totalProrateduGst\":0.00,\"totalProratedsGst\":2.36,\"totalProratedcGst\":2.36,\"details\":[{\"productCode\":\"138B006V05\",\"refundAmount\":239.08,\"stampDutyAmount\":20.00,\"proratedRiskPremium\":0.57,\"proratediGst\":0.00,\"prorateduGst\":0.00,\"proratedsGst\":0.05,\"proratedcGst\":0.05,\"proratedExtraPrems\":[{\"id\":null,\"coverageId\":null,\"serviceRequestId\":null,\"extraType\":\"A\",\"extraPrem\":23.44,\"extraArith\":\"8\",\"cGstAmount\":2.11,\"sGstAmount\":2.11,\"iGstAmount\":0.00,\"uGstAmount\":0.00},{\"id\":null,\"coverageId\":null,\"serviceRequestId\":null,\"extraType\":\"F\",\"extraPrem\":2.19,\"extraArith\":\"1\",\"cGstAmount\":0.20,\"sGstAmount\":0.20,\"iGstAmount\":0.00,\"uGstAmount\":0.00}],\"cgstTaxRate\":9.00,\"sgstTaxRate\":9.00,\"ugstTaxRate\":0.00,\"igstTaxRate\":0.00}]}}"}</p> <p>Response Body of RIDER_FREELOOK =>{"code":"POL100","desc":"Refund Initiated For Policy Number: ALI0QAAD5758122 and Service Request ID is SR0000155608","errorMessage":null}</p> <p>
Performed RIDER_FREELOOK Response Body is:{"code":"POL100","desc":"Refund Initiated For Policy Number: ALI0QAAD5758122 and Service Request ID is SR0000155608","errorMessage":null}</p> <p>Performed RIDER_FREELOOK Response Code is:200</p>  </system-out>
</testsuite> <!-- Payout.PayoutPolicy -->
