<?xml version="1.0" encoding="UTF-8"?>
<!-- Generated by org.testng.reporters.JUnitReportReporter -->
<testsuite hostname="360NDCLP153" failures="0" tests="1" name="practice.reports.ExtentTwo" time="17.710" errors="0" timestamp="2020-10-28T15:01:27 IST" skipped="0">
  <testcase classname="practice.reports.ExtentTwo" name="initialDemo" time="17.710"/>
  <system-out/>
</testsuite> <!-- practice.reports.ExtentTwo -->
