<?xml version="1.0" encoding="UTF-8"?>
<!-- Generated by org.testng.reporters.JUnitReportReporter -->
<testsuite skipped="0" hostname="DESKTOP-V4IQKIM" name="com.acttime.scripts.TaskTest" tests="2" failures="0" timestamp="04 Mar 2020 07:19:32 GMT" time="67.805" errors="0">
  <testcase name="createCustomer" time="39.474" classname="com.acttime.scripts.TaskTest"/>
  <testcase name="deleteCustomer" time="28.331" classname="com.acttime.scripts.TaskTest"/>
</testsuite> <!-- com.acttime.scripts.TaskTest -->
