<?xml version="1.0" encoding="UTF-8"?>
<!-- Generated by org.testng.reporters.JUnitReportReporter -->
<testsuite skipped="0" hostname="DESKTOP-V4IQKIM" name="com.acttime.scripts.LoginTest" tests="2" failures="0" timestamp="23 Feb 2020 10:22:49 GMT" time="75.313" errors="0">
  <testcase name="validLogin" time="48.098" classname="com.acttime.scripts.LoginTest"/>
  <testcase name="invalidLogin" time="27.215" classname="com.acttime.scripts.LoginTest"/>
</testsuite> <!-- com.acttime.scripts.LoginTest -->
